{
  "stats": {
    "suites": 3,
    "tests": 8,
    "passes": 8,
    "pending": 0,
    "failures": 0,
    "start": "2017-12-01T13:57:14.749Z",
    "end": "2017-12-01T13:57:14.763Z",
    "duration": 14,
    "testsRegistered": 8,
    "passPercent": 100,
    "pendingPercent": 0,
    "other": 0,
    "hasOther": false,
    "skipped": 0,
    "hasSkipped": false,
    "passPercentClass": "success",
    "pendingPercentClass": "danger"
  },
  "suites": {
    "title": "",
    "suites": [
      {
        "title": "test assign",
        "suites": [],
        "tests": [
          {
            "title": "copy",
            "fullTitle": "test assign copy",
            "timedOut": false,
            "duration": 1,
            "state": "passed",
            "speed": "fast",
            "pass": true,
            "fail": false,
            "pending": false,
            "code": "const result = assign({c: 3}, {\n  a: 1,\n  b: 2\n});\nassert.deepEqual(result, {\n  a: 1,\n  b: 2,\n  c: 3\n})",
            "err": {},
            "isRoot": false,
            "uuid": "854228e6-57fa-4cb1-ad83-9cfae9a908e3",
            "parentUUID": "e9598fa4-c664-474e-9bb4-aeeed725e1c5",
            "isHook": false,
            "skipped": false
          },
          {
            "title": "deep copy",
            "fullTitle": "test assign deep copy",
            "timedOut": false,
            "duration": 0,
            "state": "passed",
            "speed": "fast",
            "pass": true,
            "fail": false,
            "pending": false,
            "code": "const result = assign({a: {c: 3}}, {\n  a: {\n    a: 1,\n    b: 2\n  }\n}, true);\nassert.deepEqual(result, {\n  a: {\n    a: 1,\n    b: 2,\n    c: 3\n  }\n});",
            "err": {},
            "isRoot": false,
            "uuid": "7aacc68e-0f8e-4fdb-9587-0b647d376113",
            "parentUUID": "e9598fa4-c664-474e-9bb4-aeeed725e1c5",
            "isHook": false,
            "skipped": false
          },
          {
            "title": "copy array",
            "fullTitle": "test assign copy array",
            "timedOut": false,
            "duration": 0,
            "state": "passed",
            "speed": "fast",
            "pass": true,
            "fail": false,
            "pending": false,
            "code": "var a = {\n  persons: [{\n    a: 2\n  }, 2, 3]\n};\nvar b = {\n  persons: [{\n    b: 4\n  }, 5]\n};\nassert.deepEqual(assign(a, b, true), { persons: [{a: 2, b: 4}, 5, 3] });",
            "err": {},
            "isRoot": false,
            "uuid": "ef42343c-7f5f-4399-b2d0-d856847c78f1",
            "parentUUID": "e9598fa4-c664-474e-9bb4-aeeed725e1c5",
            "isHook": false,
            "skipped": false
          }
        ],
        "pending": [],
        "root": false,
        "_timeout": 2000,
        "file": "\\.tmp\\mocha-webpack\\1512131890454\\bundle.js",
        "uuid": "e9598fa4-c664-474e-9bb4-aeeed725e1c5",
        "beforeHooks": [],
        "afterHooks": [],
        "fullFile": "F:\\技术学习与研究\\github\\extend-assign\\.tmp\\mocha-webpack\\1512131890454\\bundle.js",
        "passes": [
          {
            "title": "copy",
            "fullTitle": "test assign copy",
            "timedOut": false,
            "duration": 1,
            "state": "passed",
            "speed": "fast",
            "pass": true,
            "fail": false,
            "pending": false,
            "code": "const result = assign({c: 3}, {\n  a: 1,\n  b: 2\n});\nassert.deepEqual(result, {\n  a: 1,\n  b: 2,\n  c: 3\n})",
            "err": {},
            "isRoot": false,
            "uuid": "854228e6-57fa-4cb1-ad83-9cfae9a908e3",
            "parentUUID": "e9598fa4-c664-474e-9bb4-aeeed725e1c5",
            "isHook": false,
            "skipped": false
          },
          {
            "title": "deep copy",
            "fullTitle": "test assign deep copy",
            "timedOut": false,
            "duration": 0,
            "state": "passed",
            "speed": "fast",
            "pass": true,
            "fail": false,
            "pending": false,
            "code": "const result = assign({a: {c: 3}}, {\n  a: {\n    a: 1,\n    b: 2\n  }\n}, true);\nassert.deepEqual(result, {\n  a: {\n    a: 1,\n    b: 2,\n    c: 3\n  }\n});",
            "err": {},
            "isRoot": false,
            "uuid": "7aacc68e-0f8e-4fdb-9587-0b647d376113",
            "parentUUID": "e9598fa4-c664-474e-9bb4-aeeed725e1c5",
            "isHook": false,
            "skipped": false
          },
          {
            "title": "copy array",
            "fullTitle": "test assign copy array",
            "timedOut": false,
            "duration": 0,
            "state": "passed",
            "speed": "fast",
            "pass": true,
            "fail": false,
            "pending": false,
            "code": "var a = {\n  persons: [{\n    a: 2\n  }, 2, 3]\n};\nvar b = {\n  persons: [{\n    b: 4\n  }, 5]\n};\nassert.deepEqual(assign(a, b, true), { persons: [{a: 2, b: 4}, 5, 3] });",
            "err": {},
            "isRoot": false,
            "uuid": "ef42343c-7f5f-4399-b2d0-d856847c78f1",
            "parentUUID": "e9598fa4-c664-474e-9bb4-aeeed725e1c5",
            "isHook": false,
            "skipped": false
          }
        ],
        "failures": [],
        "skipped": [],
        "hasBeforeHooks": false,
        "hasAfterHooks": false,
        "hasTests": true,
        "hasSuites": false,
        "totalTests": 3,
        "totalPasses": 3,
        "totalFailures": 0,
        "totalPending": 0,
        "totalSkipped": 0,
        "hasPasses": true,
        "hasFailures": false,
        "hasPending": false,
        "hasSkipped": false,
        "duration": 1,
        "rootEmpty": false
      },
      {
        "title": "test filter",
        "suites": [],
        "tests": [
          {
            "title": "filter",
            "fullTitle": "test filter filter",
            "timedOut": false,
            "duration": 0,
            "state": "passed",
            "speed": "fast",
            "pass": true,
            "fail": false,
            "pending": false,
            "code": "const a = {\n  a: 1,\n  b: 2\n};\nconst b = {\n  s: 2,\n  t: 5,\n  m: {\n    t: 2\n  }\n};\nconst result = assign(a, b, true, {\n  filter: ['s']\n});\nassert.deepEqual(result, {\n  a: 1,\n  b: 2,\n  t: 5,\n  m: {\n    t:2\n  }\n});",
            "err": {},
            "isRoot": false,
            "uuid": "f7ca9850-dd9c-47ca-baa9-5646d5c41098",
            "parentUUID": "ee1aed90-5d4b-41e4-b861-e3924922fc81",
            "isHook": false,
            "skipped": false
          },
          {
            "title": "filter global",
            "fullTitle": "test filter filter global",
            "timedOut": false,
            "duration": 0,
            "state": "passed",
            "speed": "fast",
            "pass": true,
            "fail": false,
            "pending": false,
            "code": "const a = {\n  a: 1,\n  b: 2\n};\nconst b = {\n  s: 2,\n  t: 5,\n  m: {\n    t: 2\n  }\n};\nconst result = assign(a, b, true, {\n  filter: ['t'],\n  filterGlobal: true\n});\nassert.deepEqual(result, {\n  a: 1,\n  b: 2,\n  s: 2,\n  m: {}\n});",
            "err": {},
            "isRoot": false,
            "uuid": "f6f1668f-2ebc-4e0e-a08c-900987e347af",
            "parentUUID": "ee1aed90-5d4b-41e4-b861-e3924922fc81",
            "isHook": false,
            "skipped": false
          },
          {
            "title": "deep filter",
            "fullTitle": "test filter deep filter",
            "timedOut": false,
            "duration": 0,
            "state": "passed",
            "speed": "fast",
            "pass": true,
            "fail": false,
            "pending": false,
            "code": "const a = {\n  a: 1,\n  b: 2\n};\nconst b = {\n  s: 2,\n  t: 5,\n  m: {\n    t: 2\n  }\n};\nconst result = assign(a, b, true, {\n  filter: ['m.t']\n});\nassert.deepEqual(result, {\n  s: 2,\n  a: 1,\n  b: 2,\n  t: 5,\n  m: {\n  }\n});",
            "err": {},
            "isRoot": false,
            "uuid": "79405e57-4ea3-4342-89e1-09b74ffd98be",
            "parentUUID": "ee1aed90-5d4b-41e4-b861-e3924922fc81",
            "isHook": false,
            "skipped": false
          },
          {
            "title": "custom filter",
            "fullTitle": "test filter custom filter",
            "timedOut": false,
            "duration": 0,
            "state": "passed",
            "speed": "fast",
            "pass": true,
            "fail": false,
            "pending": false,
            "code": "const a = {\n  b: 1,\n  c: 2\n};\nconst b = {\n  a: 5,\n  b: 8\n};\nconst result = assign(a, b, true, {\n  filter: (key) => {\n    return key !== 'b';\n  }\n});\nassert.deepEqual(result, {\n  a: 5,\n  c: 2,\n  b: 1\n});",
            "err": {},
            "isRoot": false,
            "uuid": "689f2209-f875-4599-b911-1ac79ebd3acb",
            "parentUUID": "ee1aed90-5d4b-41e4-b861-e3924922fc81",
            "isHook": false,
            "skipped": false
          }
        ],
        "pending": [],
        "root": false,
        "_timeout": 2000,
        "file": "\\.tmp\\mocha-webpack\\1512131890454\\bundle.js",
        "uuid": "ee1aed90-5d4b-41e4-b861-e3924922fc81",
        "beforeHooks": [],
        "afterHooks": [],
        "fullFile": "F:\\技术学习与研究\\github\\extend-assign\\.tmp\\mocha-webpack\\1512131890454\\bundle.js",
        "passes": [
          {
            "title": "filter",
            "fullTitle": "test filter filter",
            "timedOut": false,
            "duration": 0,
            "state": "passed",
            "speed": "fast",
            "pass": true,
            "fail": false,
            "pending": false,
            "code": "const a = {\n  a: 1,\n  b: 2\n};\nconst b = {\n  s: 2,\n  t: 5,\n  m: {\n    t: 2\n  }\n};\nconst result = assign(a, b, true, {\n  filter: ['s']\n});\nassert.deepEqual(result, {\n  a: 1,\n  b: 2,\n  t: 5,\n  m: {\n    t:2\n  }\n});",
            "err": {},
            "isRoot": false,
            "uuid": "f7ca9850-dd9c-47ca-baa9-5646d5c41098",
            "parentUUID": "ee1aed90-5d4b-41e4-b861-e3924922fc81",
            "isHook": false,
            "skipped": false
          },
          {
            "title": "filter global",
            "fullTitle": "test filter filter global",
            "timedOut": false,
            "duration": 0,
            "state": "passed",
            "speed": "fast",
            "pass": true,
            "fail": false,
            "pending": false,
            "code": "const a = {\n  a: 1,\n  b: 2\n};\nconst b = {\n  s: 2,\n  t: 5,\n  m: {\n    t: 2\n  }\n};\nconst result = assign(a, b, true, {\n  filter: ['t'],\n  filterGlobal: true\n});\nassert.deepEqual(result, {\n  a: 1,\n  b: 2,\n  s: 2,\n  m: {}\n});",
            "err": {},
            "isRoot": false,
            "uuid": "f6f1668f-2ebc-4e0e-a08c-900987e347af",
            "parentUUID": "ee1aed90-5d4b-41e4-b861-e3924922fc81",
            "isHook": false,
            "skipped": false
          },
          {
            "title": "deep filter",
            "fullTitle": "test filter deep filter",
            "timedOut": false,
            "duration": 0,
            "state": "passed",
            "speed": "fast",
            "pass": true,
            "fail": false,
            "pending": false,
            "code": "const a = {\n  a: 1,\n  b: 2\n};\nconst b = {\n  s: 2,\n  t: 5,\n  m: {\n    t: 2\n  }\n};\nconst result = assign(a, b, true, {\n  filter: ['m.t']\n});\nassert.deepEqual(result, {\n  s: 2,\n  a: 1,\n  b: 2,\n  t: 5,\n  m: {\n  }\n});",
            "err": {},
            "isRoot": false,
            "uuid": "79405e57-4ea3-4342-89e1-09b74ffd98be",
            "parentUUID": "ee1aed90-5d4b-41e4-b861-e3924922fc81",
            "isHook": false,
            "skipped": false
          },
          {
            "title": "custom filter",
            "fullTitle": "test filter custom filter",
            "timedOut": false,
            "duration": 0,
            "state": "passed",
            "speed": "fast",
            "pass": true,
            "fail": false,
            "pending": false,
            "code": "const a = {\n  b: 1,\n  c: 2\n};\nconst b = {\n  a: 5,\n  b: 8\n};\nconst result = assign(a, b, true, {\n  filter: (key) => {\n    return key !== 'b';\n  }\n});\nassert.deepEqual(result, {\n  a: 5,\n  c: 2,\n  b: 1\n});",
            "err": {},
            "isRoot": false,
            "uuid": "689f2209-f875-4599-b911-1ac79ebd3acb",
            "parentUUID": "ee1aed90-5d4b-41e4-b861-e3924922fc81",
            "isHook": false,
            "skipped": false
          }
        ],
        "failures": [],
        "skipped": [],
        "hasBeforeHooks": false,
        "hasAfterHooks": false,
        "hasTests": true,
        "hasSuites": false,
        "totalTests": 4,
        "totalPasses": 4,
        "totalFailures": 0,
        "totalPending": 0,
        "totalSkipped": 0,
        "hasPasses": true,
        "hasFailures": false,
        "hasPending": false,
        "hasSkipped": false,
        "duration": 0,
        "rootEmpty": false
      },
      {
        "title": "test protect",
        "suites": [],
        "tests": [
          {
            "title": "protect property",
            "fullTitle": "test protect protect property",
            "timedOut": false,
            "duration": 1,
            "state": "passed",
            "speed": "fast",
            "pass": true,
            "fail": false,
            "pending": false,
            "code": "function Person(name) {\n    assign(this, {\n        name\n    },true, {\n        protect: ['name']\n    });\n}\nlet A = new Person('A');\nA.name = 1;\nassert.equal(A.name, 'A');",
            "err": {},
            "isRoot": false,
            "uuid": "2f0bfae9-a500-430f-9fc2-ed5ac6cfaf14",
            "parentUUID": "1dd4fd0a-de81-46e1-9523-d1e4cdb84861",
            "isHook": false,
            "skipped": false
          }
        ],
        "pending": [],
        "root": false,
        "_timeout": 2000,
        "file": "\\.tmp\\mocha-webpack\\1512131890454\\bundle.js",
        "uuid": "1dd4fd0a-de81-46e1-9523-d1e4cdb84861",
        "beforeHooks": [],
        "afterHooks": [],
        "fullFile": "F:\\技术学习与研究\\github\\extend-assign\\.tmp\\mocha-webpack\\1512131890454\\bundle.js",
        "passes": [
          {
            "title": "protect property",
            "fullTitle": "test protect protect property",
            "timedOut": false,
            "duration": 1,
            "state": "passed",
            "speed": "fast",
            "pass": true,
            "fail": false,
            "pending": false,
            "code": "function Person(name) {\n    assign(this, {\n        name\n    },true, {\n        protect: ['name']\n    });\n}\nlet A = new Person('A');\nA.name = 1;\nassert.equal(A.name, 'A');",
            "err": {},
            "isRoot": false,
            "uuid": "2f0bfae9-a500-430f-9fc2-ed5ac6cfaf14",
            "parentUUID": "1dd4fd0a-de81-46e1-9523-d1e4cdb84861",
            "isHook": false,
            "skipped": false
          }
        ],
        "failures": [],
        "skipped": [],
        "hasBeforeHooks": false,
        "hasAfterHooks": false,
        "hasTests": true,
        "hasSuites": false,
        "totalTests": 1,
        "totalPasses": 1,
        "totalFailures": 0,
        "totalPending": 0,
        "totalSkipped": 0,
        "hasPasses": true,
        "hasFailures": false,
        "hasPending": false,
        "hasSkipped": false,
        "duration": 1,
        "rootEmpty": false
      }
    ],
    "tests": [],
    "pending": [],
    "root": true,
    "_timeout": 2000,
    "uuid": "44147215-f450-491f-ad79-209d9ea63e02",
    "beforeHooks": [],
    "afterHooks": [],
    "fullFile": "",
    "file": "",
    "passes": [],
    "failures": [],
    "skipped": [],
    "hasBeforeHooks": false,
    "hasAfterHooks": false,
    "hasTests": false,
    "hasSuites": true,
    "totalTests": 0,
    "totalPasses": 0,
    "totalFailures": 0,
    "totalPending": 0,
    "totalSkipped": 0,
    "hasPasses": false,
    "hasFailures": false,
    "hasPending": false,
    "hasSkipped": false,
    "duration": 0,
    "rootEmpty": true
  },
  "allTests": [
    {
      "title": "copy",
      "fullTitle": "test assign copy",
      "timedOut": false,
      "duration": 1,
      "state": "passed",
      "speed": "fast",
      "pass": true,
      "fail": false,
      "pending": false,
      "code": "const result = assign({c: 3}, {\n  a: 1,\n  b: 2\n});\nassert.deepEqual(result, {\n  a: 1,\n  b: 2,\n  c: 3\n})",
      "err": {},
      "isRoot": false,
      "uuid": "854228e6-57fa-4cb1-ad83-9cfae9a908e3",
      "parentUUID": "e9598fa4-c664-474e-9bb4-aeeed725e1c5",
      "isHook": false,
      "skipped": false
    },
    {
      "title": "deep copy",
      "fullTitle": "test assign deep copy",
      "timedOut": false,
      "duration": 0,
      "state": "passed",
      "speed": "fast",
      "pass": true,
      "fail": false,
      "pending": false,
      "code": "const result = assign({a: {c: 3}}, {\n  a: {\n    a: 1,\n    b: 2\n  }\n}, true);\nassert.deepEqual(result, {\n  a: {\n    a: 1,\n    b: 2,\n    c: 3\n  }\n});",
      "err": {},
      "isRoot": false,
      "uuid": "7aacc68e-0f8e-4fdb-9587-0b647d376113",
      "parentUUID": "e9598fa4-c664-474e-9bb4-aeeed725e1c5",
      "isHook": false,
      "skipped": false
    },
    {
      "title": "copy array",
      "fullTitle": "test assign copy array",
      "timedOut": false,
      "duration": 0,
      "state": "passed",
      "speed": "fast",
      "pass": true,
      "fail": false,
      "pending": false,
      "code": "var a = {\n  persons: [{\n    a: 2\n  }, 2, 3]\n};\nvar b = {\n  persons: [{\n    b: 4\n  }, 5]\n};\nassert.deepEqual(assign(a, b, true), { persons: [{a: 2, b: 4}, 5, 3] });",
      "err": {},
      "isRoot": false,
      "uuid": "ef42343c-7f5f-4399-b2d0-d856847c78f1",
      "parentUUID": "e9598fa4-c664-474e-9bb4-aeeed725e1c5",
      "isHook": false,
      "skipped": false
    },
    {
      "title": "filter",
      "fullTitle": "test filter filter",
      "timedOut": false,
      "duration": 0,
      "state": "passed",
      "speed": "fast",
      "pass": true,
      "fail": false,
      "pending": false,
      "code": "const a = {\n  a: 1,\n  b: 2\n};\nconst b = {\n  s: 2,\n  t: 5,\n  m: {\n    t: 2\n  }\n};\nconst result = assign(a, b, true, {\n  filter: ['s']\n});\nassert.deepEqual(result, {\n  a: 1,\n  b: 2,\n  t: 5,\n  m: {\n    t:2\n  }\n});",
      "err": {},
      "isRoot": false,
      "uuid": "f7ca9850-dd9c-47ca-baa9-5646d5c41098",
      "parentUUID": "ee1aed90-5d4b-41e4-b861-e3924922fc81",
      "isHook": false,
      "skipped": false
    },
    {
      "title": "filter global",
      "fullTitle": "test filter filter global",
      "timedOut": false,
      "duration": 0,
      "state": "passed",
      "speed": "fast",
      "pass": true,
      "fail": false,
      "pending": false,
      "code": "const a = {\n  a: 1,\n  b: 2\n};\nconst b = {\n  s: 2,\n  t: 5,\n  m: {\n    t: 2\n  }\n};\nconst result = assign(a, b, true, {\n  filter: ['t'],\n  filterGlobal: true\n});\nassert.deepEqual(result, {\n  a: 1,\n  b: 2,\n  s: 2,\n  m: {}\n});",
      "err": {},
      "isRoot": false,
      "uuid": "f6f1668f-2ebc-4e0e-a08c-900987e347af",
      "parentUUID": "ee1aed90-5d4b-41e4-b861-e3924922fc81",
      "isHook": false,
      "skipped": false
    },
    {
      "title": "deep filter",
      "fullTitle": "test filter deep filter",
      "timedOut": false,
      "duration": 0,
      "state": "passed",
      "speed": "fast",
      "pass": true,
      "fail": false,
      "pending": false,
      "code": "const a = {\n  a: 1,\n  b: 2\n};\nconst b = {\n  s: 2,\n  t: 5,\n  m: {\n    t: 2\n  }\n};\nconst result = assign(a, b, true, {\n  filter: ['m.t']\n});\nassert.deepEqual(result, {\n  s: 2,\n  a: 1,\n  b: 2,\n  t: 5,\n  m: {\n  }\n});",
      "err": {},
      "isRoot": false,
      "uuid": "79405e57-4ea3-4342-89e1-09b74ffd98be",
      "parentUUID": "ee1aed90-5d4b-41e4-b861-e3924922fc81",
      "isHook": false,
      "skipped": false
    },
    {
      "title": "custom filter",
      "fullTitle": "test filter custom filter",
      "timedOut": false,
      "duration": 0,
      "state": "passed",
      "speed": "fast",
      "pass": true,
      "fail": false,
      "pending": false,
      "code": "const a = {\n  b: 1,\n  c: 2\n};\nconst b = {\n  a: 5,\n  b: 8\n};\nconst result = assign(a, b, true, {\n  filter: (key) => {\n    return key !== 'b';\n  }\n});\nassert.deepEqual(result, {\n  a: 5,\n  c: 2,\n  b: 1\n});",
      "err": {},
      "isRoot": false,
      "uuid": "689f2209-f875-4599-b911-1ac79ebd3acb",
      "parentUUID": "ee1aed90-5d4b-41e4-b861-e3924922fc81",
      "isHook": false,
      "skipped": false
    },
    {
      "title": "protect property",
      "fullTitle": "test protect protect property",
      "timedOut": false,
      "duration": 1,
      "state": "passed",
      "speed": "fast",
      "pass": true,
      "fail": false,
      "pending": false,
      "code": "function Person(name) {\n    assign(this, {\n        name\n    },true, {\n        protect: ['name']\n    });\n}\nlet A = new Person('A');\nA.name = 1;\nassert.equal(A.name, 'A');",
      "err": {},
      "isRoot": false,
      "uuid": "2f0bfae9-a500-430f-9fc2-ed5ac6cfaf14",
      "parentUUID": "1dd4fd0a-de81-46e1-9523-d1e4cdb84861",
      "isHook": false,
      "skipped": false
    }
  ],
  "allPending": [],
  "allPasses": [
    {
      "title": "copy",
      "fullTitle": "test assign copy",
      "timedOut": false,
      "duration": 1,
      "state": "passed",
      "speed": "fast",
      "pass": true,
      "fail": false,
      "pending": false,
      "code": "const result = assign({c: 3}, {\n  a: 1,\n  b: 2\n});\nassert.deepEqual(result, {\n  a: 1,\n  b: 2,\n  c: 3\n})",
      "err": {},
      "isRoot": false,
      "uuid": "854228e6-57fa-4cb1-ad83-9cfae9a908e3",
      "parentUUID": "e9598fa4-c664-474e-9bb4-aeeed725e1c5",
      "isHook": false,
      "skipped": false
    },
    {
      "title": "deep copy",
      "fullTitle": "test assign deep copy",
      "timedOut": false,
      "duration": 0,
      "state": "passed",
      "speed": "fast",
      "pass": true,
      "fail": false,
      "pending": false,
      "code": "const result = assign({a: {c: 3}}, {\n  a: {\n    a: 1,\n    b: 2\n  }\n}, true);\nassert.deepEqual(result, {\n  a: {\n    a: 1,\n    b: 2,\n    c: 3\n  }\n});",
      "err": {},
      "isRoot": false,
      "uuid": "7aacc68e-0f8e-4fdb-9587-0b647d376113",
      "parentUUID": "e9598fa4-c664-474e-9bb4-aeeed725e1c5",
      "isHook": false,
      "skipped": false
    },
    {
      "title": "copy array",
      "fullTitle": "test assign copy array",
      "timedOut": false,
      "duration": 0,
      "state": "passed",
      "speed": "fast",
      "pass": true,
      "fail": false,
      "pending": false,
      "code": "var a = {\n  persons: [{\n    a: 2\n  }, 2, 3]\n};\nvar b = {\n  persons: [{\n    b: 4\n  }, 5]\n};\nassert.deepEqual(assign(a, b, true), { persons: [{a: 2, b: 4}, 5, 3] });",
      "err": {},
      "isRoot": false,
      "uuid": "ef42343c-7f5f-4399-b2d0-d856847c78f1",
      "parentUUID": "e9598fa4-c664-474e-9bb4-aeeed725e1c5",
      "isHook": false,
      "skipped": false
    },
    {
      "title": "filter",
      "fullTitle": "test filter filter",
      "timedOut": false,
      "duration": 0,
      "state": "passed",
      "speed": "fast",
      "pass": true,
      "fail": false,
      "pending": false,
      "code": "const a = {\n  a: 1,\n  b: 2\n};\nconst b = {\n  s: 2,\n  t: 5,\n  m: {\n    t: 2\n  }\n};\nconst result = assign(a, b, true, {\n  filter: ['s']\n});\nassert.deepEqual(result, {\n  a: 1,\n  b: 2,\n  t: 5,\n  m: {\n    t:2\n  }\n});",
      "err": {},
      "isRoot": false,
      "uuid": "f7ca9850-dd9c-47ca-baa9-5646d5c41098",
      "parentUUID": "ee1aed90-5d4b-41e4-b861-e3924922fc81",
      "isHook": false,
      "skipped": false
    },
    {
      "title": "filter global",
      "fullTitle": "test filter filter global",
      "timedOut": false,
      "duration": 0,
      "state": "passed",
      "speed": "fast",
      "pass": true,
      "fail": false,
      "pending": false,
      "code": "const a = {\n  a: 1,\n  b: 2\n};\nconst b = {\n  s: 2,\n  t: 5,\n  m: {\n    t: 2\n  }\n};\nconst result = assign(a, b, true, {\n  filter: ['t'],\n  filterGlobal: true\n});\nassert.deepEqual(result, {\n  a: 1,\n  b: 2,\n  s: 2,\n  m: {}\n});",
      "err": {},
      "isRoot": false,
      "uuid": "f6f1668f-2ebc-4e0e-a08c-900987e347af",
      "parentUUID": "ee1aed90-5d4b-41e4-b861-e3924922fc81",
      "isHook": false,
      "skipped": false
    },
    {
      "title": "deep filter",
      "fullTitle": "test filter deep filter",
      "timedOut": false,
      "duration": 0,
      "state": "passed",
      "speed": "fast",
      "pass": true,
      "fail": false,
      "pending": false,
      "code": "const a = {\n  a: 1,\n  b: 2\n};\nconst b = {\n  s: 2,\n  t: 5,\n  m: {\n    t: 2\n  }\n};\nconst result = assign(a, b, true, {\n  filter: ['m.t']\n});\nassert.deepEqual(result, {\n  s: 2,\n  a: 1,\n  b: 2,\n  t: 5,\n  m: {\n  }\n});",
      "err": {},
      "isRoot": false,
      "uuid": "79405e57-4ea3-4342-89e1-09b74ffd98be",
      "parentUUID": "ee1aed90-5d4b-41e4-b861-e3924922fc81",
      "isHook": false,
      "skipped": false
    },
    {
      "title": "custom filter",
      "fullTitle": "test filter custom filter",
      "timedOut": false,
      "duration": 0,
      "state": "passed",
      "speed": "fast",
      "pass": true,
      "fail": false,
      "pending": false,
      "code": "const a = {\n  b: 1,\n  c: 2\n};\nconst b = {\n  a: 5,\n  b: 8\n};\nconst result = assign(a, b, true, {\n  filter: (key) => {\n    return key !== 'b';\n  }\n});\nassert.deepEqual(result, {\n  a: 5,\n  c: 2,\n  b: 1\n});",
      "err": {},
      "isRoot": false,
      "uuid": "689f2209-f875-4599-b911-1ac79ebd3acb",
      "parentUUID": "ee1aed90-5d4b-41e4-b861-e3924922fc81",
      "isHook": false,
      "skipped": false
    },
    {
      "title": "protect property",
      "fullTitle": "test protect protect property",
      "timedOut": false,
      "duration": 1,
      "state": "passed",
      "speed": "fast",
      "pass": true,
      "fail": false,
      "pending": false,
      "code": "function Person(name) {\n    assign(this, {\n        name\n    },true, {\n        protect: ['name']\n    });\n}\nlet A = new Person('A');\nA.name = 1;\nassert.equal(A.name, 'A');",
      "err": {},
      "isRoot": false,
      "uuid": "2f0bfae9-a500-430f-9fc2-ed5ac6cfaf14",
      "parentUUID": "1dd4fd0a-de81-46e1-9523-d1e4cdb84861",
      "isHook": false,
      "skipped": false
    }
  ],
  "allFailures": [],
  "copyrightYear": 2017
}