{
  "stats": {
    "suites": 3,
    "tests": 8,
    "passes": 8,
    "pending": 0,
    "failures": 0,
    "start": "2017-12-04T08:58:08.903Z",
    "end": "2017-12-04T08:58:08.949Z",
    "duration": 46,
    "testsRegistered": 8,
    "passPercent": 100,
    "pendingPercent": 0,
    "other": 0,
    "hasOther": false,
    "skipped": 0,
    "hasSkipped": false,
    "passPercentClass": "success",
    "pendingPercentClass": "danger"
  },
  "suites": {
    "title": "",
    "suites": [
      {
        "title": "test assign",
        "suites": [],
        "tests": [
          {
            "title": "copy",
            "fullTitle": "test assign copy",
            "timedOut": false,
            "duration": 1,
            "state": "passed",
            "speed": "fast",
            "pass": true,
            "fail": false,
            "pending": false,
            "code": "const result = assign({c: 3}, {\n  a: 1,\n  b: 2\n});\nassert.deepEqual(result, {\n  a: 1,\n  b: 2,\n  c: 3\n})",
            "err": {},
            "isRoot": false,
            "uuid": "e81c65d3-4ab4-471f-8b3d-46161c05c134",
            "parentUUID": "aaa8666e-2d12-4977-a2ad-6a5b9276606f",
            "isHook": false,
            "skipped": false
          },
          {
            "title": "deep copy",
            "fullTitle": "test assign deep copy",
            "timedOut": false,
            "duration": 1,
            "state": "passed",
            "speed": "fast",
            "pass": true,
            "fail": false,
            "pending": false,
            "code": "const result = assign({a: {c: 3}}, {\n  a: {\n    a: 1,\n    b: 2\n  }\n}, true);\nassert.deepEqual(result, {\n  a: {\n    a: 1,\n    b: 2,\n    c: 3\n  }\n});",
            "err": {},
            "isRoot": false,
            "uuid": "8eadc45a-8131-41af-b0a6-f6ac0cc40d4f",
            "parentUUID": "aaa8666e-2d12-4977-a2ad-6a5b9276606f",
            "isHook": false,
            "skipped": false
          },
          {
            "title": "copy array",
            "fullTitle": "test assign copy array",
            "timedOut": false,
            "duration": 0,
            "state": "passed",
            "speed": "fast",
            "pass": true,
            "fail": false,
            "pending": false,
            "code": "var a = {\n  persons: [{\n    a: 2\n  }, 2, 3]\n};\nvar b = {\n  persons: [{\n    b: 4\n  }, 5]\n};\nassert.deepEqual(assign(a, b, true), { persons: [{a: 2, b: 4}, 5, 3] });",
            "err": {},
            "isRoot": false,
            "uuid": "90a57a82-061b-43ae-b5ad-f2243e63870b",
            "parentUUID": "aaa8666e-2d12-4977-a2ad-6a5b9276606f",
            "isHook": false,
            "skipped": false
          }
        ],
        "pending": [],
        "root": false,
        "_timeout": 2000,
        "file": "\\.tmp\\mocha-webpack\\1512377888475\\bundle.js",
        "uuid": "aaa8666e-2d12-4977-a2ad-6a5b9276606f",
        "beforeHooks": [],
        "afterHooks": [],
        "fullFile": "F:\\技术学习与研究\\github\\extend-assign\\.tmp\\mocha-webpack\\1512377888475\\bundle.js",
        "passes": [
          {
            "title": "copy",
            "fullTitle": "test assign copy",
            "timedOut": false,
            "duration": 1,
            "state": "passed",
            "speed": "fast",
            "pass": true,
            "fail": false,
            "pending": false,
            "code": "const result = assign({c: 3}, {\n  a: 1,\n  b: 2\n});\nassert.deepEqual(result, {\n  a: 1,\n  b: 2,\n  c: 3\n})",
            "err": {},
            "isRoot": false,
            "uuid": "e81c65d3-4ab4-471f-8b3d-46161c05c134",
            "parentUUID": "aaa8666e-2d12-4977-a2ad-6a5b9276606f",
            "isHook": false,
            "skipped": false
          },
          {
            "title": "deep copy",
            "fullTitle": "test assign deep copy",
            "timedOut": false,
            "duration": 1,
            "state": "passed",
            "speed": "fast",
            "pass": true,
            "fail": false,
            "pending": false,
            "code": "const result = assign({a: {c: 3}}, {\n  a: {\n    a: 1,\n    b: 2\n  }\n}, true);\nassert.deepEqual(result, {\n  a: {\n    a: 1,\n    b: 2,\n    c: 3\n  }\n});",
            "err": {},
            "isRoot": false,
            "uuid": "8eadc45a-8131-41af-b0a6-f6ac0cc40d4f",
            "parentUUID": "aaa8666e-2d12-4977-a2ad-6a5b9276606f",
            "isHook": false,
            "skipped": false
          },
          {
            "title": "copy array",
            "fullTitle": "test assign copy array",
            "timedOut": false,
            "duration": 0,
            "state": "passed",
            "speed": "fast",
            "pass": true,
            "fail": false,
            "pending": false,
            "code": "var a = {\n  persons: [{\n    a: 2\n  }, 2, 3]\n};\nvar b = {\n  persons: [{\n    b: 4\n  }, 5]\n};\nassert.deepEqual(assign(a, b, true), { persons: [{a: 2, b: 4}, 5, 3] });",
            "err": {},
            "isRoot": false,
            "uuid": "90a57a82-061b-43ae-b5ad-f2243e63870b",
            "parentUUID": "aaa8666e-2d12-4977-a2ad-6a5b9276606f",
            "isHook": false,
            "skipped": false
          }
        ],
        "failures": [],
        "skipped": [],
        "hasBeforeHooks": false,
        "hasAfterHooks": false,
        "hasTests": true,
        "hasSuites": false,
        "totalTests": 3,
        "totalPasses": 3,
        "totalFailures": 0,
        "totalPending": 0,
        "totalSkipped": 0,
        "hasPasses": true,
        "hasFailures": false,
        "hasPending": false,
        "hasSkipped": false,
        "duration": 2,
        "rootEmpty": false
      },
      {
        "title": "test filter",
        "suites": [],
        "tests": [
          {
            "title": "filter",
            "fullTitle": "test filter filter",
            "timedOut": false,
            "duration": 0,
            "state": "passed",
            "speed": "fast",
            "pass": true,
            "fail": false,
            "pending": false,
            "code": "const a = {\n  a: 1,\n  b: 2\n};\nconst b = {\n  s: 2,\n  t: 5,\n  m: {\n    t: 2\n  }\n};\nconst result = assign(a, b, true, {\n  filter: ['s']\n});\nassert.deepEqual(result, {\n  a: 1,\n  b: 2,\n  t: 5,\n  m: {\n    t:2\n  }\n});",
            "err": {},
            "isRoot": false,
            "uuid": "171b0199-dd95-4df0-9974-d81ed296c768",
            "parentUUID": "7cc26383-87d6-4924-be7a-267fcaf88b66",
            "isHook": false,
            "skipped": false
          },
          {
            "title": "filter global",
            "fullTitle": "test filter filter global",
            "timedOut": false,
            "duration": 1,
            "state": "passed",
            "speed": "fast",
            "pass": true,
            "fail": false,
            "pending": false,
            "code": "const a = {\n  a: 1,\n  b: 2\n};\nconst b = {\n  s: 2,\n  t: 5,\n  m: {\n    t: 2\n  }\n};\nconst result = assign(a, b, true, {\n  filter: ['t'],\n  filterGlobal: true\n});\nassert.deepEqual(result, {\n  a: 1,\n  b: 2,\n  s: 2,\n  m: {}\n});",
            "err": {},
            "isRoot": false,
            "uuid": "c5f3f37d-7e5b-4d19-b6d2-adb99e02dfed",
            "parentUUID": "7cc26383-87d6-4924-be7a-267fcaf88b66",
            "isHook": false,
            "skipped": false
          },
          {
            "title": "deep filter",
            "fullTitle": "test filter deep filter",
            "timedOut": false,
            "duration": 1,
            "state": "passed",
            "speed": "fast",
            "pass": true,
            "fail": false,
            "pending": false,
            "code": "const a = {\n  a: 1,\n  b: 2\n};\nconst b = {\n  s: 2,\n  t: 5,\n  m: {\n    t: 2\n  }\n};\nconst result = assign(a, b, true, {\n  filter: ['m.t']\n});\nassert.deepEqual(result, {\n  s: 2,\n  a: 1,\n  b: 2,\n  t: 5,\n  m: {\n  }\n});",
            "err": {},
            "isRoot": false,
            "uuid": "f5f96177-65b1-4adc-a5da-a8b184f07274",
            "parentUUID": "7cc26383-87d6-4924-be7a-267fcaf88b66",
            "isHook": false,
            "skipped": false
          },
          {
            "title": "custom filter",
            "fullTitle": "test filter custom filter",
            "timedOut": false,
            "duration": 0,
            "state": "passed",
            "speed": "fast",
            "pass": true,
            "fail": false,
            "pending": false,
            "code": "const a = {\n  b: 1,\n  c: 2\n};\nconst b = {\n  a: 5,\n  b: 8\n};\nconst result = assign(a, b, true, {\n  filter: (key) => {\n    return key !== 'b';\n  }\n});\nassert.deepEqual(result, {\n  a: 5,\n  c: 2,\n  b: 1\n});",
            "err": {},
            "isRoot": false,
            "uuid": "58436f31-dbbe-45a2-bc0b-41d16a7e191d",
            "parentUUID": "7cc26383-87d6-4924-be7a-267fcaf88b66",
            "isHook": false,
            "skipped": false
          }
        ],
        "pending": [],
        "root": false,
        "_timeout": 2000,
        "file": "\\.tmp\\mocha-webpack\\1512377888475\\bundle.js",
        "uuid": "7cc26383-87d6-4924-be7a-267fcaf88b66",
        "beforeHooks": [],
        "afterHooks": [],
        "fullFile": "F:\\技术学习与研究\\github\\extend-assign\\.tmp\\mocha-webpack\\1512377888475\\bundle.js",
        "passes": [
          {
            "title": "filter",
            "fullTitle": "test filter filter",
            "timedOut": false,
            "duration": 0,
            "state": "passed",
            "speed": "fast",
            "pass": true,
            "fail": false,
            "pending": false,
            "code": "const a = {\n  a: 1,\n  b: 2\n};\nconst b = {\n  s: 2,\n  t: 5,\n  m: {\n    t: 2\n  }\n};\nconst result = assign(a, b, true, {\n  filter: ['s']\n});\nassert.deepEqual(result, {\n  a: 1,\n  b: 2,\n  t: 5,\n  m: {\n    t:2\n  }\n});",
            "err": {},
            "isRoot": false,
            "uuid": "171b0199-dd95-4df0-9974-d81ed296c768",
            "parentUUID": "7cc26383-87d6-4924-be7a-267fcaf88b66",
            "isHook": false,
            "skipped": false
          },
          {
            "title": "filter global",
            "fullTitle": "test filter filter global",
            "timedOut": false,
            "duration": 1,
            "state": "passed",
            "speed": "fast",
            "pass": true,
            "fail": false,
            "pending": false,
            "code": "const a = {\n  a: 1,\n  b: 2\n};\nconst b = {\n  s: 2,\n  t: 5,\n  m: {\n    t: 2\n  }\n};\nconst result = assign(a, b, true, {\n  filter: ['t'],\n  filterGlobal: true\n});\nassert.deepEqual(result, {\n  a: 1,\n  b: 2,\n  s: 2,\n  m: {}\n});",
            "err": {},
            "isRoot": false,
            "uuid": "c5f3f37d-7e5b-4d19-b6d2-adb99e02dfed",
            "parentUUID": "7cc26383-87d6-4924-be7a-267fcaf88b66",
            "isHook": false,
            "skipped": false
          },
          {
            "title": "deep filter",
            "fullTitle": "test filter deep filter",
            "timedOut": false,
            "duration": 1,
            "state": "passed",
            "speed": "fast",
            "pass": true,
            "fail": false,
            "pending": false,
            "code": "const a = {\n  a: 1,\n  b: 2\n};\nconst b = {\n  s: 2,\n  t: 5,\n  m: {\n    t: 2\n  }\n};\nconst result = assign(a, b, true, {\n  filter: ['m.t']\n});\nassert.deepEqual(result, {\n  s: 2,\n  a: 1,\n  b: 2,\n  t: 5,\n  m: {\n  }\n});",
            "err": {},
            "isRoot": false,
            "uuid": "f5f96177-65b1-4adc-a5da-a8b184f07274",
            "parentUUID": "7cc26383-87d6-4924-be7a-267fcaf88b66",
            "isHook": false,
            "skipped": false
          },
          {
            "title": "custom filter",
            "fullTitle": "test filter custom filter",
            "timedOut": false,
            "duration": 0,
            "state": "passed",
            "speed": "fast",
            "pass": true,
            "fail": false,
            "pending": false,
            "code": "const a = {\n  b: 1,\n  c: 2\n};\nconst b = {\n  a: 5,\n  b: 8\n};\nconst result = assign(a, b, true, {\n  filter: (key) => {\n    return key !== 'b';\n  }\n});\nassert.deepEqual(result, {\n  a: 5,\n  c: 2,\n  b: 1\n});",
            "err": {},
            "isRoot": false,
            "uuid": "58436f31-dbbe-45a2-bc0b-41d16a7e191d",
            "parentUUID": "7cc26383-87d6-4924-be7a-267fcaf88b66",
            "isHook": false,
            "skipped": false
          }
        ],
        "failures": [],
        "skipped": [],
        "hasBeforeHooks": false,
        "hasAfterHooks": false,
        "hasTests": true,
        "hasSuites": false,
        "totalTests": 4,
        "totalPasses": 4,
        "totalFailures": 0,
        "totalPending": 0,
        "totalSkipped": 0,
        "hasPasses": true,
        "hasFailures": false,
        "hasPending": false,
        "hasSkipped": false,
        "duration": 2,
        "rootEmpty": false
      },
      {
        "title": "test protect",
        "suites": [],
        "tests": [
          {
            "title": "protect property",
            "fullTitle": "test protect protect property",
            "timedOut": false,
            "duration": 0,
            "state": "passed",
            "speed": "fast",
            "pass": true,
            "fail": false,
            "pending": false,
            "code": "function Person(name) {\n    assign(this, {\n        name\n    },true, {\n        protect: ['name']\n    });\n}\nlet A = new Person('A');\nA.name = 1;\nassert.equal(A.name, 'A');",
            "err": {},
            "isRoot": false,
            "uuid": "26cb7c54-99fb-4f29-a536-2d5b1052dbc3",
            "parentUUID": "cf3bcd80-512c-4599-a8c0-34070040600c",
            "isHook": false,
            "skipped": false
          }
        ],
        "pending": [],
        "root": false,
        "_timeout": 2000,
        "file": "\\.tmp\\mocha-webpack\\1512377888475\\bundle.js",
        "uuid": "cf3bcd80-512c-4599-a8c0-34070040600c",
        "beforeHooks": [],
        "afterHooks": [],
        "fullFile": "F:\\技术学习与研究\\github\\extend-assign\\.tmp\\mocha-webpack\\1512377888475\\bundle.js",
        "passes": [
          {
            "title": "protect property",
            "fullTitle": "test protect protect property",
            "timedOut": false,
            "duration": 0,
            "state": "passed",
            "speed": "fast",
            "pass": true,
            "fail": false,
            "pending": false,
            "code": "function Person(name) {\n    assign(this, {\n        name\n    },true, {\n        protect: ['name']\n    });\n}\nlet A = new Person('A');\nA.name = 1;\nassert.equal(A.name, 'A');",
            "err": {},
            "isRoot": false,
            "uuid": "26cb7c54-99fb-4f29-a536-2d5b1052dbc3",
            "parentUUID": "cf3bcd80-512c-4599-a8c0-34070040600c",
            "isHook": false,
            "skipped": false
          }
        ],
        "failures": [],
        "skipped": [],
        "hasBeforeHooks": false,
        "hasAfterHooks": false,
        "hasTests": true,
        "hasSuites": false,
        "totalTests": 1,
        "totalPasses": 1,
        "totalFailures": 0,
        "totalPending": 0,
        "totalSkipped": 0,
        "hasPasses": true,
        "hasFailures": false,
        "hasPending": false,
        "hasSkipped": false,
        "duration": 0,
        "rootEmpty": false
      }
    ],
    "tests": [],
    "pending": [],
    "root": true,
    "_timeout": 2000,
    "uuid": "44255c8e-6b5e-45ec-9782-5f9290a7c739",
    "beforeHooks": [],
    "afterHooks": [],
    "fullFile": "",
    "file": "",
    "passes": [],
    "failures": [],
    "skipped": [],
    "hasBeforeHooks": false,
    "hasAfterHooks": false,
    "hasTests": false,
    "hasSuites": true,
    "totalTests": 0,
    "totalPasses": 0,
    "totalFailures": 0,
    "totalPending": 0,
    "totalSkipped": 0,
    "hasPasses": false,
    "hasFailures": false,
    "hasPending": false,
    "hasSkipped": false,
    "duration": 0,
    "rootEmpty": true
  },
  "allTests": [
    {
      "title": "copy",
      "fullTitle": "test assign copy",
      "timedOut": false,
      "duration": 1,
      "state": "passed",
      "speed": "fast",
      "pass": true,
      "fail": false,
      "pending": false,
      "code": "const result = assign({c: 3}, {\n  a: 1,\n  b: 2\n});\nassert.deepEqual(result, {\n  a: 1,\n  b: 2,\n  c: 3\n})",
      "err": {},
      "isRoot": false,
      "uuid": "e81c65d3-4ab4-471f-8b3d-46161c05c134",
      "parentUUID": "aaa8666e-2d12-4977-a2ad-6a5b9276606f",
      "isHook": false,
      "skipped": false
    },
    {
      "title": "deep copy",
      "fullTitle": "test assign deep copy",
      "timedOut": false,
      "duration": 1,
      "state": "passed",
      "speed": "fast",
      "pass": true,
      "fail": false,
      "pending": false,
      "code": "const result = assign({a: {c: 3}}, {\n  a: {\n    a: 1,\n    b: 2\n  }\n}, true);\nassert.deepEqual(result, {\n  a: {\n    a: 1,\n    b: 2,\n    c: 3\n  }\n});",
      "err": {},
      "isRoot": false,
      "uuid": "8eadc45a-8131-41af-b0a6-f6ac0cc40d4f",
      "parentUUID": "aaa8666e-2d12-4977-a2ad-6a5b9276606f",
      "isHook": false,
      "skipped": false
    },
    {
      "title": "copy array",
      "fullTitle": "test assign copy array",
      "timedOut": false,
      "duration": 0,
      "state": "passed",
      "speed": "fast",
      "pass": true,
      "fail": false,
      "pending": false,
      "code": "var a = {\n  persons: [{\n    a: 2\n  }, 2, 3]\n};\nvar b = {\n  persons: [{\n    b: 4\n  }, 5]\n};\nassert.deepEqual(assign(a, b, true), { persons: [{a: 2, b: 4}, 5, 3] });",
      "err": {},
      "isRoot": false,
      "uuid": "90a57a82-061b-43ae-b5ad-f2243e63870b",
      "parentUUID": "aaa8666e-2d12-4977-a2ad-6a5b9276606f",
      "isHook": false,
      "skipped": false
    },
    {
      "title": "filter",
      "fullTitle": "test filter filter",
      "timedOut": false,
      "duration": 0,
      "state": "passed",
      "speed": "fast",
      "pass": true,
      "fail": false,
      "pending": false,
      "code": "const a = {\n  a: 1,\n  b: 2\n};\nconst b = {\n  s: 2,\n  t: 5,\n  m: {\n    t: 2\n  }\n};\nconst result = assign(a, b, true, {\n  filter: ['s']\n});\nassert.deepEqual(result, {\n  a: 1,\n  b: 2,\n  t: 5,\n  m: {\n    t:2\n  }\n});",
      "err": {},
      "isRoot": false,
      "uuid": "171b0199-dd95-4df0-9974-d81ed296c768",
      "parentUUID": "7cc26383-87d6-4924-be7a-267fcaf88b66",
      "isHook": false,
      "skipped": false
    },
    {
      "title": "filter global",
      "fullTitle": "test filter filter global",
      "timedOut": false,
      "duration": 1,
      "state": "passed",
      "speed": "fast",
      "pass": true,
      "fail": false,
      "pending": false,
      "code": "const a = {\n  a: 1,\n  b: 2\n};\nconst b = {\n  s: 2,\n  t: 5,\n  m: {\n    t: 2\n  }\n};\nconst result = assign(a, b, true, {\n  filter: ['t'],\n  filterGlobal: true\n});\nassert.deepEqual(result, {\n  a: 1,\n  b: 2,\n  s: 2,\n  m: {}\n});",
      "err": {},
      "isRoot": false,
      "uuid": "c5f3f37d-7e5b-4d19-b6d2-adb99e02dfed",
      "parentUUID": "7cc26383-87d6-4924-be7a-267fcaf88b66",
      "isHook": false,
      "skipped": false
    },
    {
      "title": "deep filter",
      "fullTitle": "test filter deep filter",
      "timedOut": false,
      "duration": 1,
      "state": "passed",
      "speed": "fast",
      "pass": true,
      "fail": false,
      "pending": false,
      "code": "const a = {\n  a: 1,\n  b: 2\n};\nconst b = {\n  s: 2,\n  t: 5,\n  m: {\n    t: 2\n  }\n};\nconst result = assign(a, b, true, {\n  filter: ['m.t']\n});\nassert.deepEqual(result, {\n  s: 2,\n  a: 1,\n  b: 2,\n  t: 5,\n  m: {\n  }\n});",
      "err": {},
      "isRoot": false,
      "uuid": "f5f96177-65b1-4adc-a5da-a8b184f07274",
      "parentUUID": "7cc26383-87d6-4924-be7a-267fcaf88b66",
      "isHook": false,
      "skipped": false
    },
    {
      "title": "custom filter",
      "fullTitle": "test filter custom filter",
      "timedOut": false,
      "duration": 0,
      "state": "passed",
      "speed": "fast",
      "pass": true,
      "fail": false,
      "pending": false,
      "code": "const a = {\n  b: 1,\n  c: 2\n};\nconst b = {\n  a: 5,\n  b: 8\n};\nconst result = assign(a, b, true, {\n  filter: (key) => {\n    return key !== 'b';\n  }\n});\nassert.deepEqual(result, {\n  a: 5,\n  c: 2,\n  b: 1\n});",
      "err": {},
      "isRoot": false,
      "uuid": "58436f31-dbbe-45a2-bc0b-41d16a7e191d",
      "parentUUID": "7cc26383-87d6-4924-be7a-267fcaf88b66",
      "isHook": false,
      "skipped": false
    },
    {
      "title": "protect property",
      "fullTitle": "test protect protect property",
      "timedOut": false,
      "duration": 0,
      "state": "passed",
      "speed": "fast",
      "pass": true,
      "fail": false,
      "pending": false,
      "code": "function Person(name) {\n    assign(this, {\n        name\n    },true, {\n        protect: ['name']\n    });\n}\nlet A = new Person('A');\nA.name = 1;\nassert.equal(A.name, 'A');",
      "err": {},
      "isRoot": false,
      "uuid": "26cb7c54-99fb-4f29-a536-2d5b1052dbc3",
      "parentUUID": "cf3bcd80-512c-4599-a8c0-34070040600c",
      "isHook": false,
      "skipped": false
    }
  ],
  "allPending": [],
  "allPasses": [
    {
      "title": "copy",
      "fullTitle": "test assign copy",
      "timedOut": false,
      "duration": 1,
      "state": "passed",
      "speed": "fast",
      "pass": true,
      "fail": false,
      "pending": false,
      "code": "const result = assign({c: 3}, {\n  a: 1,\n  b: 2\n});\nassert.deepEqual(result, {\n  a: 1,\n  b: 2,\n  c: 3\n})",
      "err": {},
      "isRoot": false,
      "uuid": "e81c65d3-4ab4-471f-8b3d-46161c05c134",
      "parentUUID": "aaa8666e-2d12-4977-a2ad-6a5b9276606f",
      "isHook": false,
      "skipped": false
    },
    {
      "title": "deep copy",
      "fullTitle": "test assign deep copy",
      "timedOut": false,
      "duration": 1,
      "state": "passed",
      "speed": "fast",
      "pass": true,
      "fail": false,
      "pending": false,
      "code": "const result = assign({a: {c: 3}}, {\n  a: {\n    a: 1,\n    b: 2\n  }\n}, true);\nassert.deepEqual(result, {\n  a: {\n    a: 1,\n    b: 2,\n    c: 3\n  }\n});",
      "err": {},
      "isRoot": false,
      "uuid": "8eadc45a-8131-41af-b0a6-f6ac0cc40d4f",
      "parentUUID": "aaa8666e-2d12-4977-a2ad-6a5b9276606f",
      "isHook": false,
      "skipped": false
    },
    {
      "title": "copy array",
      "fullTitle": "test assign copy array",
      "timedOut": false,
      "duration": 0,
      "state": "passed",
      "speed": "fast",
      "pass": true,
      "fail": false,
      "pending": false,
      "code": "var a = {\n  persons: [{\n    a: 2\n  }, 2, 3]\n};\nvar b = {\n  persons: [{\n    b: 4\n  }, 5]\n};\nassert.deepEqual(assign(a, b, true), { persons: [{a: 2, b: 4}, 5, 3] });",
      "err": {},
      "isRoot": false,
      "uuid": "90a57a82-061b-43ae-b5ad-f2243e63870b",
      "parentUUID": "aaa8666e-2d12-4977-a2ad-6a5b9276606f",
      "isHook": false,
      "skipped": false
    },
    {
      "title": "filter",
      "fullTitle": "test filter filter",
      "timedOut": false,
      "duration": 0,
      "state": "passed",
      "speed": "fast",
      "pass": true,
      "fail": false,
      "pending": false,
      "code": "const a = {\n  a: 1,\n  b: 2\n};\nconst b = {\n  s: 2,\n  t: 5,\n  m: {\n    t: 2\n  }\n};\nconst result = assign(a, b, true, {\n  filter: ['s']\n});\nassert.deepEqual(result, {\n  a: 1,\n  b: 2,\n  t: 5,\n  m: {\n    t:2\n  }\n});",
      "err": {},
      "isRoot": false,
      "uuid": "171b0199-dd95-4df0-9974-d81ed296c768",
      "parentUUID": "7cc26383-87d6-4924-be7a-267fcaf88b66",
      "isHook": false,
      "skipped": false
    },
    {
      "title": "filter global",
      "fullTitle": "test filter filter global",
      "timedOut": false,
      "duration": 1,
      "state": "passed",
      "speed": "fast",
      "pass": true,
      "fail": false,
      "pending": false,
      "code": "const a = {\n  a: 1,\n  b: 2\n};\nconst b = {\n  s: 2,\n  t: 5,\n  m: {\n    t: 2\n  }\n};\nconst result = assign(a, b, true, {\n  filter: ['t'],\n  filterGlobal: true\n});\nassert.deepEqual(result, {\n  a: 1,\n  b: 2,\n  s: 2,\n  m: {}\n});",
      "err": {},
      "isRoot": false,
      "uuid": "c5f3f37d-7e5b-4d19-b6d2-adb99e02dfed",
      "parentUUID": "7cc26383-87d6-4924-be7a-267fcaf88b66",
      "isHook": false,
      "skipped": false
    },
    {
      "title": "deep filter",
      "fullTitle": "test filter deep filter",
      "timedOut": false,
      "duration": 1,
      "state": "passed",
      "speed": "fast",
      "pass": true,
      "fail": false,
      "pending": false,
      "code": "const a = {\n  a: 1,\n  b: 2\n};\nconst b = {\n  s: 2,\n  t: 5,\n  m: {\n    t: 2\n  }\n};\nconst result = assign(a, b, true, {\n  filter: ['m.t']\n});\nassert.deepEqual(result, {\n  s: 2,\n  a: 1,\n  b: 2,\n  t: 5,\n  m: {\n  }\n});",
      "err": {},
      "isRoot": false,
      "uuid": "f5f96177-65b1-4adc-a5da-a8b184f07274",
      "parentUUID": "7cc26383-87d6-4924-be7a-267fcaf88b66",
      "isHook": false,
      "skipped": false
    },
    {
      "title": "custom filter",
      "fullTitle": "test filter custom filter",
      "timedOut": false,
      "duration": 0,
      "state": "passed",
      "speed": "fast",
      "pass": true,
      "fail": false,
      "pending": false,
      "code": "const a = {\n  b: 1,\n  c: 2\n};\nconst b = {\n  a: 5,\n  b: 8\n};\nconst result = assign(a, b, true, {\n  filter: (key) => {\n    return key !== 'b';\n  }\n});\nassert.deepEqual(result, {\n  a: 5,\n  c: 2,\n  b: 1\n});",
      "err": {},
      "isRoot": false,
      "uuid": "58436f31-dbbe-45a2-bc0b-41d16a7e191d",
      "parentUUID": "7cc26383-87d6-4924-be7a-267fcaf88b66",
      "isHook": false,
      "skipped": false
    },
    {
      "title": "protect property",
      "fullTitle": "test protect protect property",
      "timedOut": false,
      "duration": 0,
      "state": "passed",
      "speed": "fast",
      "pass": true,
      "fail": false,
      "pending": false,
      "code": "function Person(name) {\n    assign(this, {\n        name\n    },true, {\n        protect: ['name']\n    });\n}\nlet A = new Person('A');\nA.name = 1;\nassert.equal(A.name, 'A');",
      "err": {},
      "isRoot": false,
      "uuid": "26cb7c54-99fb-4f29-a536-2d5b1052dbc3",
      "parentUUID": "cf3bcd80-512c-4599-a8c0-34070040600c",
      "isHook": false,
      "skipped": false
    }
  ],
  "allFailures": [],
  "copyrightYear": 2017
}