{
  "stats": {
    "suites": 3,
    "tests": 8,
    "passes": 8,
    "pending": 0,
    "failures": 0,
    "start": "2017-11-29T12:21:28.868Z",
    "end": "2017-11-29T12:21:28.878Z",
    "duration": 10,
    "testsRegistered": 8,
    "passPercent": 100,
    "pendingPercent": 0,
    "other": 0,
    "hasOther": false,
    "skipped": 0,
    "hasSkipped": false,
    "passPercentClass": "success",
    "pendingPercentClass": "danger"
  },
  "suites": {
    "title": "",
    "suites": [
      {
        "title": "test assign",
        "suites": [],
        "tests": [
          {
            "title": "copy",
            "fullTitle": "test assign copy",
            "timedOut": false,
            "duration": 0,
            "state": "passed",
            "speed": "fast",
            "pass": true,
            "fail": false,
            "pending": false,
            "code": "const result = assign({c: 3}, {\n  a: 1,\n  b: 2\n});\nassert.deepEqual(result, {\n  a: 1,\n  b: 2,\n  c: 3\n})",
            "err": {},
            "isRoot": false,
            "uuid": "3e7cfdac-f831-4cc5-9618-ec4a93ca1e40",
            "parentUUID": "481480fb-c7de-49f5-abfb-b2a993e163de",
            "isHook": false,
            "skipped": false
          },
          {
            "title": "deep copy",
            "fullTitle": "test assign deep copy",
            "timedOut": false,
            "duration": 0,
            "state": "passed",
            "speed": "fast",
            "pass": true,
            "fail": false,
            "pending": false,
            "code": "const result = assign({a: {c: 3}}, {\n  a: {\n    a: 1,\n    b: 2\n  }\n}, true);\nassert.deepEqual(result, {\n  a: {\n    a: 1,\n    b: 2,\n    c: 3\n  }\n});",
            "err": {},
            "isRoot": false,
            "uuid": "fb851eb5-c6d3-48e7-bd6c-74e220a6845b",
            "parentUUID": "481480fb-c7de-49f5-abfb-b2a993e163de",
            "isHook": false,
            "skipped": false
          },
          {
            "title": "copy array",
            "fullTitle": "test assign copy array",
            "timedOut": false,
            "duration": 0,
            "state": "passed",
            "speed": "fast",
            "pass": true,
            "fail": false,
            "pending": false,
            "code": "var a = {\n  persons: [{\n    a: 2\n  }, 2, 3]\n};\nvar b = {\n  persons: [{\n    b: 4\n  }, 5]\n};\nassert.deepEqual(assign(a, b, true), { persons: [{a: 2, b: 4}, 5, 3] });",
            "err": {},
            "isRoot": false,
            "uuid": "5f7e33bf-c004-427c-9d89-b6c737869c46",
            "parentUUID": "481480fb-c7de-49f5-abfb-b2a993e163de",
            "isHook": false,
            "skipped": false
          }
        ],
        "pending": [],
        "root": false,
        "_timeout": 2000,
        "file": "\\.tmp\\mocha-webpack\\1511957727413\\bundle.js",
        "uuid": "481480fb-c7de-49f5-abfb-b2a993e163de",
        "beforeHooks": [],
        "afterHooks": [],
        "fullFile": "F:\\技术学习与研究\\github\\extend-assign\\.tmp\\mocha-webpack\\1511957727413\\bundle.js",
        "passes": [
          {
            "title": "copy",
            "fullTitle": "test assign copy",
            "timedOut": false,
            "duration": 0,
            "state": "passed",
            "speed": "fast",
            "pass": true,
            "fail": false,
            "pending": false,
            "code": "const result = assign({c: 3}, {\n  a: 1,\n  b: 2\n});\nassert.deepEqual(result, {\n  a: 1,\n  b: 2,\n  c: 3\n})",
            "err": {},
            "isRoot": false,
            "uuid": "3e7cfdac-f831-4cc5-9618-ec4a93ca1e40",
            "parentUUID": "481480fb-c7de-49f5-abfb-b2a993e163de",
            "isHook": false,
            "skipped": false
          },
          {
            "title": "deep copy",
            "fullTitle": "test assign deep copy",
            "timedOut": false,
            "duration": 0,
            "state": "passed",
            "speed": "fast",
            "pass": true,
            "fail": false,
            "pending": false,
            "code": "const result = assign({a: {c: 3}}, {\n  a: {\n    a: 1,\n    b: 2\n  }\n}, true);\nassert.deepEqual(result, {\n  a: {\n    a: 1,\n    b: 2,\n    c: 3\n  }\n});",
            "err": {},
            "isRoot": false,
            "uuid": "fb851eb5-c6d3-48e7-bd6c-74e220a6845b",
            "parentUUID": "481480fb-c7de-49f5-abfb-b2a993e163de",
            "isHook": false,
            "skipped": false
          },
          {
            "title": "copy array",
            "fullTitle": "test assign copy array",
            "timedOut": false,
            "duration": 0,
            "state": "passed",
            "speed": "fast",
            "pass": true,
            "fail": false,
            "pending": false,
            "code": "var a = {\n  persons: [{\n    a: 2\n  }, 2, 3]\n};\nvar b = {\n  persons: [{\n    b: 4\n  }, 5]\n};\nassert.deepEqual(assign(a, b, true), { persons: [{a: 2, b: 4}, 5, 3] });",
            "err": {},
            "isRoot": false,
            "uuid": "5f7e33bf-c004-427c-9d89-b6c737869c46",
            "parentUUID": "481480fb-c7de-49f5-abfb-b2a993e163de",
            "isHook": false,
            "skipped": false
          }
        ],
        "failures": [],
        "skipped": [],
        "hasBeforeHooks": false,
        "hasAfterHooks": false,
        "hasTests": true,
        "hasSuites": false,
        "totalTests": 3,
        "totalPasses": 3,
        "totalFailures": 0,
        "totalPending": 0,
        "totalSkipped": 0,
        "hasPasses": true,
        "hasFailures": false,
        "hasPending": false,
        "hasSkipped": false,
        "duration": 0,
        "rootEmpty": false
      },
      {
        "title": "test filter",
        "suites": [],
        "tests": [
          {
            "title": "filter",
            "fullTitle": "test filter filter",
            "timedOut": false,
            "duration": 0,
            "state": "passed",
            "speed": "fast",
            "pass": true,
            "fail": false,
            "pending": false,
            "code": "const a = {\n  a: 1,\n  b: 2\n};\nconst b = {\n  s: 2,\n  t: 5,\n  m: {\n    t: 2\n  }\n};\nconst result = assign(a, b, true, {\n  filter: ['s']\n});\nassert.deepEqual(result, {\n  a: 1,\n  b: 2,\n  t: 5,\n  m: {\n    t:2\n  }\n});",
            "err": {},
            "isRoot": false,
            "uuid": "2b64c58d-8710-4809-aefd-6d013c2dd8c8",
            "parentUUID": "e7d5b8fb-5a7b-4373-876d-fb13a82f1578",
            "isHook": false,
            "skipped": false
          },
          {
            "title": "filter global",
            "fullTitle": "test filter filter global",
            "timedOut": false,
            "duration": 0,
            "state": "passed",
            "speed": "fast",
            "pass": true,
            "fail": false,
            "pending": false,
            "code": "const a = {\n  a: 1,\n  b: 2\n};\nconst b = {\n  s: 2,\n  t: 5,\n  m: {\n    t: 2\n  }\n};\nconst result = assign(a, b, true, {\n  filter: ['t'],\n  filterGlobal: true\n});\nassert.deepEqual(result, {\n  a: 1,\n  b: 2,\n  s: 2,\n  m: {}\n});",
            "err": {},
            "isRoot": false,
            "uuid": "bd7fe5bf-d877-4187-ab6a-1bee01e87e32",
            "parentUUID": "e7d5b8fb-5a7b-4373-876d-fb13a82f1578",
            "isHook": false,
            "skipped": false
          },
          {
            "title": "deep filter",
            "fullTitle": "test filter deep filter",
            "timedOut": false,
            "duration": 0,
            "state": "passed",
            "speed": "fast",
            "pass": true,
            "fail": false,
            "pending": false,
            "code": "const a = {\n  a: 1,\n  b: 2\n};\nconst b = {\n  s: 2,\n  t: 5,\n  m: {\n    t: 2\n  }\n};\nconst result = assign(a, b, true, {\n  filter: ['m.t']\n});\nassert.deepEqual(result, {\n  s: 2,\n  a: 1,\n  b: 2,\n  t: 5,\n  m: {\n  }\n});",
            "err": {},
            "isRoot": false,
            "uuid": "d0d50e87-e9b4-439b-818d-8f9030ac2e59",
            "parentUUID": "e7d5b8fb-5a7b-4373-876d-fb13a82f1578",
            "isHook": false,
            "skipped": false
          },
          {
            "title": "custom filter",
            "fullTitle": "test filter custom filter",
            "timedOut": false,
            "duration": 0,
            "state": "passed",
            "speed": "fast",
            "pass": true,
            "fail": false,
            "pending": false,
            "code": "const a = {\n  b: 1,\n  c: 2\n};\nconst b = {\n  a: 5,\n  b: 8\n};\nconst result = assign(a, b, true, {\n  filter: (key) => {\n    return key !== 'b';\n  }\n});\nassert.deepEqual(result, {\n  a: 5,\n  c: 2,\n  b: 1\n});",
            "err": {},
            "isRoot": false,
            "uuid": "feb015ba-f634-4d5b-878d-706a9fb68189",
            "parentUUID": "e7d5b8fb-5a7b-4373-876d-fb13a82f1578",
            "isHook": false,
            "skipped": false
          }
        ],
        "pending": [],
        "root": false,
        "_timeout": 2000,
        "file": "\\.tmp\\mocha-webpack\\1511957727413\\bundle.js",
        "uuid": "e7d5b8fb-5a7b-4373-876d-fb13a82f1578",
        "beforeHooks": [],
        "afterHooks": [],
        "fullFile": "F:\\技术学习与研究\\github\\extend-assign\\.tmp\\mocha-webpack\\1511957727413\\bundle.js",
        "passes": [
          {
            "title": "filter",
            "fullTitle": "test filter filter",
            "timedOut": false,
            "duration": 0,
            "state": "passed",
            "speed": "fast",
            "pass": true,
            "fail": false,
            "pending": false,
            "code": "const a = {\n  a: 1,\n  b: 2\n};\nconst b = {\n  s: 2,\n  t: 5,\n  m: {\n    t: 2\n  }\n};\nconst result = assign(a, b, true, {\n  filter: ['s']\n});\nassert.deepEqual(result, {\n  a: 1,\n  b: 2,\n  t: 5,\n  m: {\n    t:2\n  }\n});",
            "err": {},
            "isRoot": false,
            "uuid": "2b64c58d-8710-4809-aefd-6d013c2dd8c8",
            "parentUUID": "e7d5b8fb-5a7b-4373-876d-fb13a82f1578",
            "isHook": false,
            "skipped": false
          },
          {
            "title": "filter global",
            "fullTitle": "test filter filter global",
            "timedOut": false,
            "duration": 0,
            "state": "passed",
            "speed": "fast",
            "pass": true,
            "fail": false,
            "pending": false,
            "code": "const a = {\n  a: 1,\n  b: 2\n};\nconst b = {\n  s: 2,\n  t: 5,\n  m: {\n    t: 2\n  }\n};\nconst result = assign(a, b, true, {\n  filter: ['t'],\n  filterGlobal: true\n});\nassert.deepEqual(result, {\n  a: 1,\n  b: 2,\n  s: 2,\n  m: {}\n});",
            "err": {},
            "isRoot": false,
            "uuid": "bd7fe5bf-d877-4187-ab6a-1bee01e87e32",
            "parentUUID": "e7d5b8fb-5a7b-4373-876d-fb13a82f1578",
            "isHook": false,
            "skipped": false
          },
          {
            "title": "deep filter",
            "fullTitle": "test filter deep filter",
            "timedOut": false,
            "duration": 0,
            "state": "passed",
            "speed": "fast",
            "pass": true,
            "fail": false,
            "pending": false,
            "code": "const a = {\n  a: 1,\n  b: 2\n};\nconst b = {\n  s: 2,\n  t: 5,\n  m: {\n    t: 2\n  }\n};\nconst result = assign(a, b, true, {\n  filter: ['m.t']\n});\nassert.deepEqual(result, {\n  s: 2,\n  a: 1,\n  b: 2,\n  t: 5,\n  m: {\n  }\n});",
            "err": {},
            "isRoot": false,
            "uuid": "d0d50e87-e9b4-439b-818d-8f9030ac2e59",
            "parentUUID": "e7d5b8fb-5a7b-4373-876d-fb13a82f1578",
            "isHook": false,
            "skipped": false
          },
          {
            "title": "custom filter",
            "fullTitle": "test filter custom filter",
            "timedOut": false,
            "duration": 0,
            "state": "passed",
            "speed": "fast",
            "pass": true,
            "fail": false,
            "pending": false,
            "code": "const a = {\n  b: 1,\n  c: 2\n};\nconst b = {\n  a: 5,\n  b: 8\n};\nconst result = assign(a, b, true, {\n  filter: (key) => {\n    return key !== 'b';\n  }\n});\nassert.deepEqual(result, {\n  a: 5,\n  c: 2,\n  b: 1\n});",
            "err": {},
            "isRoot": false,
            "uuid": "feb015ba-f634-4d5b-878d-706a9fb68189",
            "parentUUID": "e7d5b8fb-5a7b-4373-876d-fb13a82f1578",
            "isHook": false,
            "skipped": false
          }
        ],
        "failures": [],
        "skipped": [],
        "hasBeforeHooks": false,
        "hasAfterHooks": false,
        "hasTests": true,
        "hasSuites": false,
        "totalTests": 4,
        "totalPasses": 4,
        "totalFailures": 0,
        "totalPending": 0,
        "totalSkipped": 0,
        "hasPasses": true,
        "hasFailures": false,
        "hasPending": false,
        "hasSkipped": false,
        "duration": 0,
        "rootEmpty": false
      },
      {
        "title": "test protect",
        "suites": [],
        "tests": [
          {
            "title": "protect property",
            "fullTitle": "test protect protect property",
            "timedOut": false,
            "duration": 1,
            "state": "passed",
            "speed": "fast",
            "pass": true,
            "fail": false,
            "pending": false,
            "code": "function Person(name) {\n    assign(this, {\n        name\n    },true, {\n        protect: ['name']\n    });\n}\nlet A = new Person('A');\nA.name = 1;\nassert.equal(A.name, 'A');",
            "err": {},
            "isRoot": false,
            "uuid": "a4fcfb31-ced0-4496-8424-89384604f2c1",
            "parentUUID": "8e4ee09d-9a7b-4ad1-a893-f94bb38c8b53",
            "isHook": false,
            "skipped": false
          }
        ],
        "pending": [],
        "root": false,
        "_timeout": 2000,
        "file": "\\.tmp\\mocha-webpack\\1511957727413\\bundle.js",
        "uuid": "8e4ee09d-9a7b-4ad1-a893-f94bb38c8b53",
        "beforeHooks": [],
        "afterHooks": [],
        "fullFile": "F:\\技术学习与研究\\github\\extend-assign\\.tmp\\mocha-webpack\\1511957727413\\bundle.js",
        "passes": [
          {
            "title": "protect property",
            "fullTitle": "test protect protect property",
            "timedOut": false,
            "duration": 1,
            "state": "passed",
            "speed": "fast",
            "pass": true,
            "fail": false,
            "pending": false,
            "code": "function Person(name) {\n    assign(this, {\n        name\n    },true, {\n        protect: ['name']\n    });\n}\nlet A = new Person('A');\nA.name = 1;\nassert.equal(A.name, 'A');",
            "err": {},
            "isRoot": false,
            "uuid": "a4fcfb31-ced0-4496-8424-89384604f2c1",
            "parentUUID": "8e4ee09d-9a7b-4ad1-a893-f94bb38c8b53",
            "isHook": false,
            "skipped": false
          }
        ],
        "failures": [],
        "skipped": [],
        "hasBeforeHooks": false,
        "hasAfterHooks": false,
        "hasTests": true,
        "hasSuites": false,
        "totalTests": 1,
        "totalPasses": 1,
        "totalFailures": 0,
        "totalPending": 0,
        "totalSkipped": 0,
        "hasPasses": true,
        "hasFailures": false,
        "hasPending": false,
        "hasSkipped": false,
        "duration": 1,
        "rootEmpty": false
      }
    ],
    "tests": [],
    "pending": [],
    "root": true,
    "_timeout": 2000,
    "uuid": "c8979302-f907-4b5c-baf9-c49d9d9c5685",
    "beforeHooks": [],
    "afterHooks": [],
    "fullFile": "",
    "file": "",
    "passes": [],
    "failures": [],
    "skipped": [],
    "hasBeforeHooks": false,
    "hasAfterHooks": false,
    "hasTests": false,
    "hasSuites": true,
    "totalTests": 0,
    "totalPasses": 0,
    "totalFailures": 0,
    "totalPending": 0,
    "totalSkipped": 0,
    "hasPasses": false,
    "hasFailures": false,
    "hasPending": false,
    "hasSkipped": false,
    "duration": 0,
    "rootEmpty": true
  },
  "allTests": [
    {
      "title": "copy",
      "fullTitle": "test assign copy",
      "timedOut": false,
      "duration": 0,
      "state": "passed",
      "speed": "fast",
      "pass": true,
      "fail": false,
      "pending": false,
      "code": "const result = assign({c: 3}, {\n  a: 1,\n  b: 2\n});\nassert.deepEqual(result, {\n  a: 1,\n  b: 2,\n  c: 3\n})",
      "err": {},
      "isRoot": false,
      "uuid": "3e7cfdac-f831-4cc5-9618-ec4a93ca1e40",
      "parentUUID": "481480fb-c7de-49f5-abfb-b2a993e163de",
      "isHook": false,
      "skipped": false
    },
    {
      "title": "deep copy",
      "fullTitle": "test assign deep copy",
      "timedOut": false,
      "duration": 0,
      "state": "passed",
      "speed": "fast",
      "pass": true,
      "fail": false,
      "pending": false,
      "code": "const result = assign({a: {c: 3}}, {\n  a: {\n    a: 1,\n    b: 2\n  }\n}, true);\nassert.deepEqual(result, {\n  a: {\n    a: 1,\n    b: 2,\n    c: 3\n  }\n});",
      "err": {},
      "isRoot": false,
      "uuid": "fb851eb5-c6d3-48e7-bd6c-74e220a6845b",
      "parentUUID": "481480fb-c7de-49f5-abfb-b2a993e163de",
      "isHook": false,
      "skipped": false
    },
    {
      "title": "copy array",
      "fullTitle": "test assign copy array",
      "timedOut": false,
      "duration": 0,
      "state": "passed",
      "speed": "fast",
      "pass": true,
      "fail": false,
      "pending": false,
      "code": "var a = {\n  persons: [{\n    a: 2\n  }, 2, 3]\n};\nvar b = {\n  persons: [{\n    b: 4\n  }, 5]\n};\nassert.deepEqual(assign(a, b, true), { persons: [{a: 2, b: 4}, 5, 3] });",
      "err": {},
      "isRoot": false,
      "uuid": "5f7e33bf-c004-427c-9d89-b6c737869c46",
      "parentUUID": "481480fb-c7de-49f5-abfb-b2a993e163de",
      "isHook": false,
      "skipped": false
    },
    {
      "title": "filter",
      "fullTitle": "test filter filter",
      "timedOut": false,
      "duration": 0,
      "state": "passed",
      "speed": "fast",
      "pass": true,
      "fail": false,
      "pending": false,
      "code": "const a = {\n  a: 1,\n  b: 2\n};\nconst b = {\n  s: 2,\n  t: 5,\n  m: {\n    t: 2\n  }\n};\nconst result = assign(a, b, true, {\n  filter: ['s']\n});\nassert.deepEqual(result, {\n  a: 1,\n  b: 2,\n  t: 5,\n  m: {\n    t:2\n  }\n});",
      "err": {},
      "isRoot": false,
      "uuid": "2b64c58d-8710-4809-aefd-6d013c2dd8c8",
      "parentUUID": "e7d5b8fb-5a7b-4373-876d-fb13a82f1578",
      "isHook": false,
      "skipped": false
    },
    {
      "title": "filter global",
      "fullTitle": "test filter filter global",
      "timedOut": false,
      "duration": 0,
      "state": "passed",
      "speed": "fast",
      "pass": true,
      "fail": false,
      "pending": false,
      "code": "const a = {\n  a: 1,\n  b: 2\n};\nconst b = {\n  s: 2,\n  t: 5,\n  m: {\n    t: 2\n  }\n};\nconst result = assign(a, b, true, {\n  filter: ['t'],\n  filterGlobal: true\n});\nassert.deepEqual(result, {\n  a: 1,\n  b: 2,\n  s: 2,\n  m: {}\n});",
      "err": {},
      "isRoot": false,
      "uuid": "bd7fe5bf-d877-4187-ab6a-1bee01e87e32",
      "parentUUID": "e7d5b8fb-5a7b-4373-876d-fb13a82f1578",
      "isHook": false,
      "skipped": false
    },
    {
      "title": "deep filter",
      "fullTitle": "test filter deep filter",
      "timedOut": false,
      "duration": 0,
      "state": "passed",
      "speed": "fast",
      "pass": true,
      "fail": false,
      "pending": false,
      "code": "const a = {\n  a: 1,\n  b: 2\n};\nconst b = {\n  s: 2,\n  t: 5,\n  m: {\n    t: 2\n  }\n};\nconst result = assign(a, b, true, {\n  filter: ['m.t']\n});\nassert.deepEqual(result, {\n  s: 2,\n  a: 1,\n  b: 2,\n  t: 5,\n  m: {\n  }\n});",
      "err": {},
      "isRoot": false,
      "uuid": "d0d50e87-e9b4-439b-818d-8f9030ac2e59",
      "parentUUID": "e7d5b8fb-5a7b-4373-876d-fb13a82f1578",
      "isHook": false,
      "skipped": false
    },
    {
      "title": "custom filter",
      "fullTitle": "test filter custom filter",
      "timedOut": false,
      "duration": 0,
      "state": "passed",
      "speed": "fast",
      "pass": true,
      "fail": false,
      "pending": false,
      "code": "const a = {\n  b: 1,\n  c: 2\n};\nconst b = {\n  a: 5,\n  b: 8\n};\nconst result = assign(a, b, true, {\n  filter: (key) => {\n    return key !== 'b';\n  }\n});\nassert.deepEqual(result, {\n  a: 5,\n  c: 2,\n  b: 1\n});",
      "err": {},
      "isRoot": false,
      "uuid": "feb015ba-f634-4d5b-878d-706a9fb68189",
      "parentUUID": "e7d5b8fb-5a7b-4373-876d-fb13a82f1578",
      "isHook": false,
      "skipped": false
    },
    {
      "title": "protect property",
      "fullTitle": "test protect protect property",
      "timedOut": false,
      "duration": 1,
      "state": "passed",
      "speed": "fast",
      "pass": true,
      "fail": false,
      "pending": false,
      "code": "function Person(name) {\n    assign(this, {\n        name\n    },true, {\n        protect: ['name']\n    });\n}\nlet A = new Person('A');\nA.name = 1;\nassert.equal(A.name, 'A');",
      "err": {},
      "isRoot": false,
      "uuid": "a4fcfb31-ced0-4496-8424-89384604f2c1",
      "parentUUID": "8e4ee09d-9a7b-4ad1-a893-f94bb38c8b53",
      "isHook": false,
      "skipped": false
    }
  ],
  "allPending": [],
  "allPasses": [
    {
      "title": "copy",
      "fullTitle": "test assign copy",
      "timedOut": false,
      "duration": 0,
      "state": "passed",
      "speed": "fast",
      "pass": true,
      "fail": false,
      "pending": false,
      "code": "const result = assign({c: 3}, {\n  a: 1,\n  b: 2\n});\nassert.deepEqual(result, {\n  a: 1,\n  b: 2,\n  c: 3\n})",
      "err": {},
      "isRoot": false,
      "uuid": "3e7cfdac-f831-4cc5-9618-ec4a93ca1e40",
      "parentUUID": "481480fb-c7de-49f5-abfb-b2a993e163de",
      "isHook": false,
      "skipped": false
    },
    {
      "title": "deep copy",
      "fullTitle": "test assign deep copy",
      "timedOut": false,
      "duration": 0,
      "state": "passed",
      "speed": "fast",
      "pass": true,
      "fail": false,
      "pending": false,
      "code": "const result = assign({a: {c: 3}}, {\n  a: {\n    a: 1,\n    b: 2\n  }\n}, true);\nassert.deepEqual(result, {\n  a: {\n    a: 1,\n    b: 2,\n    c: 3\n  }\n});",
      "err": {},
      "isRoot": false,
      "uuid": "fb851eb5-c6d3-48e7-bd6c-74e220a6845b",
      "parentUUID": "481480fb-c7de-49f5-abfb-b2a993e163de",
      "isHook": false,
      "skipped": false
    },
    {
      "title": "copy array",
      "fullTitle": "test assign copy array",
      "timedOut": false,
      "duration": 0,
      "state": "passed",
      "speed": "fast",
      "pass": true,
      "fail": false,
      "pending": false,
      "code": "var a = {\n  persons: [{\n    a: 2\n  }, 2, 3]\n};\nvar b = {\n  persons: [{\n    b: 4\n  }, 5]\n};\nassert.deepEqual(assign(a, b, true), { persons: [{a: 2, b: 4}, 5, 3] });",
      "err": {},
      "isRoot": false,
      "uuid": "5f7e33bf-c004-427c-9d89-b6c737869c46",
      "parentUUID": "481480fb-c7de-49f5-abfb-b2a993e163de",
      "isHook": false,
      "skipped": false
    },
    {
      "title": "filter",
      "fullTitle": "test filter filter",
      "timedOut": false,
      "duration": 0,
      "state": "passed",
      "speed": "fast",
      "pass": true,
      "fail": false,
      "pending": false,
      "code": "const a = {\n  a: 1,\n  b: 2\n};\nconst b = {\n  s: 2,\n  t: 5,\n  m: {\n    t: 2\n  }\n};\nconst result = assign(a, b, true, {\n  filter: ['s']\n});\nassert.deepEqual(result, {\n  a: 1,\n  b: 2,\n  t: 5,\n  m: {\n    t:2\n  }\n});",
      "err": {},
      "isRoot": false,
      "uuid": "2b64c58d-8710-4809-aefd-6d013c2dd8c8",
      "parentUUID": "e7d5b8fb-5a7b-4373-876d-fb13a82f1578",
      "isHook": false,
      "skipped": false
    },
    {
      "title": "filter global",
      "fullTitle": "test filter filter global",
      "timedOut": false,
      "duration": 0,
      "state": "passed",
      "speed": "fast",
      "pass": true,
      "fail": false,
      "pending": false,
      "code": "const a = {\n  a: 1,\n  b: 2\n};\nconst b = {\n  s: 2,\n  t: 5,\n  m: {\n    t: 2\n  }\n};\nconst result = assign(a, b, true, {\n  filter: ['t'],\n  filterGlobal: true\n});\nassert.deepEqual(result, {\n  a: 1,\n  b: 2,\n  s: 2,\n  m: {}\n});",
      "err": {},
      "isRoot": false,
      "uuid": "bd7fe5bf-d877-4187-ab6a-1bee01e87e32",
      "parentUUID": "e7d5b8fb-5a7b-4373-876d-fb13a82f1578",
      "isHook": false,
      "skipped": false
    },
    {
      "title": "deep filter",
      "fullTitle": "test filter deep filter",
      "timedOut": false,
      "duration": 0,
      "state": "passed",
      "speed": "fast",
      "pass": true,
      "fail": false,
      "pending": false,
      "code": "const a = {\n  a: 1,\n  b: 2\n};\nconst b = {\n  s: 2,\n  t: 5,\n  m: {\n    t: 2\n  }\n};\nconst result = assign(a, b, true, {\n  filter: ['m.t']\n});\nassert.deepEqual(result, {\n  s: 2,\n  a: 1,\n  b: 2,\n  t: 5,\n  m: {\n  }\n});",
      "err": {},
      "isRoot": false,
      "uuid": "d0d50e87-e9b4-439b-818d-8f9030ac2e59",
      "parentUUID": "e7d5b8fb-5a7b-4373-876d-fb13a82f1578",
      "isHook": false,
      "skipped": false
    },
    {
      "title": "custom filter",
      "fullTitle": "test filter custom filter",
      "timedOut": false,
      "duration": 0,
      "state": "passed",
      "speed": "fast",
      "pass": true,
      "fail": false,
      "pending": false,
      "code": "const a = {\n  b: 1,\n  c: 2\n};\nconst b = {\n  a: 5,\n  b: 8\n};\nconst result = assign(a, b, true, {\n  filter: (key) => {\n    return key !== 'b';\n  }\n});\nassert.deepEqual(result, {\n  a: 5,\n  c: 2,\n  b: 1\n});",
      "err": {},
      "isRoot": false,
      "uuid": "feb015ba-f634-4d5b-878d-706a9fb68189",
      "parentUUID": "e7d5b8fb-5a7b-4373-876d-fb13a82f1578",
      "isHook": false,
      "skipped": false
    },
    {
      "title": "protect property",
      "fullTitle": "test protect protect property",
      "timedOut": false,
      "duration": 1,
      "state": "passed",
      "speed": "fast",
      "pass": true,
      "fail": false,
      "pending": false,
      "code": "function Person(name) {\n    assign(this, {\n        name\n    },true, {\n        protect: ['name']\n    });\n}\nlet A = new Person('A');\nA.name = 1;\nassert.equal(A.name, 'A');",
      "err": {},
      "isRoot": false,
      "uuid": "a4fcfb31-ced0-4496-8424-89384604f2c1",
      "parentUUID": "8e4ee09d-9a7b-4ad1-a893-f94bb38c8b53",
      "isHook": false,
      "skipped": false
    }
  ],
  "allFailures": [],
  "copyrightYear": 2017
}