{"F:\\技术学习与研究\\github\\extend-assign\\src\\index.js":{"path":"F:\\技术学习与研究\\github\\extend-assign\\src\\index.js","s":{"1":1,"2":1,"3":1,"4":1,"5":19,"6":1,"7":0,"8":1,"9":1,"10":1,"11":14,"12":14,"13":0,"14":14,"15":11,"16":11,"17":11,"18":11,"19":3,"20":2,"21":2,"22":14,"23":14,"24":14,"25":24,"26":14,"27":2,"28":12,"29":3,"30":19,"31":6,"32":5,"33":1,"34":6,"35":6,"36":13,"37":13,"38":13,"39":14,"40":1},"b":{"1":[1,18],"2":[0,1],"3":[1,0,0,0,0],"4":[1,0],"5":[1,1,1,0,0],"6":[0,1],"7":[0,0],"8":[0,14],"9":[14,1],"10":[11,3],"11":[14,12,1],"12":[2,1],"13":[14,10],"14":[2,12],"15":[14,4,4,2,0],"16":[3,9],"17":[12,10,8,8,2],"18":[2,6],"19":[0,2],"20":[6,13],"21":[19,17,12],"22":[5,1],"23":[2,3],"24":[5,2],"25":[1,0],"26":[1,1],"27":[1,5],"28":[13,0]},"f":{"1":1,"2":19,"3":14},"fnMap":{"1":{"name":"setProtectProperty","line":3,"loc":{"start":{"line":3,"column":0},"end":{"line":3,"column":38}}},"2":{"name":"autoSetProtectProperty","line":10,"loc":{"start":{"line":10,"column":0},"end":{"line":10,"column":74}}},"3":{"name":"assign","line":19,"loc":{"start":{"line":19,"column":0},"end":{"line":19,"column":25}}}},"statementMap":{"1":{"start":{"line":1,"column":0},"end":{"line":2,"column":40}},"2":{"start":{"line":3,"column":0},"end":{"line":8,"column":1}},"3":{"start":{"line":4,"column":2},"end":{"line":7,"column":5}},"4":{"start":{"line":10,"column":0},"end":{"line":18,"column":1}},"5":{"start":{"line":11,"column":2},"end":{"line":17,"column":3}},"6":{"start":{"line":12,"column":4},"end":{"line":16,"column":5}},"7":{"start":{"line":13,"column":6},"end":{"line":13,"column":38}},"8":{"start":{"line":14,"column":11},"end":{"line":16,"column":5}},"9":{"start":{"line":15,"column":6},"end":{"line":15,"column":38}},"10":{"start":{"line":19,"column":0},"end":{"line":78,"column":1}},"11":{"start":{"line":20,"column":2},"end":{"line":34,"column":13}},"12":{"start":{"line":35,"column":2},"end":{"line":37,"column":3}},"13":{"start":{"line":36,"column":4},"end":{"line":36,"column":57}},"14":{"start":{"line":38,"column":2},"end":{"line":46,"column":3}},"15":{"start":{"line":39,"column":4},"end":{"line":39,"column":15}},"16":{"start":{"line":40,"column":4},"end":{"line":40,"column":25}},"17":{"start":{"line":41,"column":4},"end":{"line":41,"column":59}},"18":{"start":{"line":42,"column":4},"end":{"line":42,"column":18}},"19":{"start":{"line":43,"column":9},"end":{"line":46,"column":3}},"20":{"start":{"line":44,"column":4},"end":{"line":44,"column":10}},"21":{"start":{"line":45,"column":4},"end":{"line":45,"column":21}},"22":{"start":{"line":47,"column":2},"end":{"line":76,"column":3}},"23":{"start":{"line":48,"column":4},"end":{"line":48,"column":27}},"24":{"start":{"line":49,"column":4},"end":{"line":75,"column":5}},"25":{"start":{"line":50,"column":6},"end":{"line":56,"column":7}},"26":{"start":{"line":51,"column":8},"end":{"line":55,"column":9}},"27":{"start":{"line":52,"column":10},"end":{"line":52,"column":19}},"28":{"start":{"line":53,"column":15},"end":{"line":55,"column":9}},"29":{"start":{"line":54,"column":10},"end":{"line":54,"column":19}},"30":{"start":{"line":57,"column":6},"end":{"line":74,"column":7}},"31":{"start":{"line":58,"column":8},"end":{"line":62,"column":9}},"32":{"start":{"line":59,"column":10},"end":{"line":59,"column":79}},"33":{"start":{"line":61,"column":10},"end":{"line":61,"column":79}},"34":{"start":{"line":63,"column":8},"end":{"line":69,"column":11}},"35":{"start":{"line":70,"column":8},"end":{"line":70,"column":73}},"36":{"start":{"line":71,"column":13},"end":{"line":74,"column":7}},"37":{"start":{"line":72,"column":8},"end":{"line":72,"column":34}},"38":{"start":{"line":73,"column":8},"end":{"line":73,"column":73}},"39":{"start":{"line":77,"column":2},"end":{"line":77,"column":16}},"40":{"start":{"line":79,"column":0},"end":{"line":79,"column":24}}},"branchMap":{"1":{"line":11,"type":"if","locations":[{"start":{"line":11,"column":2},"end":{"line":11,"column":2}},{"start":{"line":11,"column":2},"end":{"line":11,"column":2}}]},"2":{"line":12,"type":"if","locations":[{"start":{"line":12,"column":4},"end":{"line":12,"column":4}},{"start":{"line":12,"column":4},"end":{"line":12,"column":4}}]},"3":{"line":12,"type":"binary-expr","locations":[{"start":{"line":12,"column":8},"end":{"line":12,"column":21}},{"start":{"line":12,"column":28},"end":{"line":12,"column":52}},{"start":{"line":12,"column":56},"end":{"line":12,"column":77}},{"start":{"line":12,"column":82},"end":{"line":12,"column":109}},{"start":{"line":12,"column":113},"end":{"line":12,"column":125}}]},"4":{"line":14,"type":"if","locations":[{"start":{"line":14,"column":11},"end":{"line":14,"column":11}},{"start":{"line":14,"column":11},"end":{"line":14,"column":11}}]},"5":{"line":14,"type":"binary-expr","locations":[{"start":{"line":14,"column":15},"end":{"line":14,"column":29}},{"start":{"line":14,"column":35},"end":{"line":14,"column":59}},{"start":{"line":14,"column":63},"end":{"line":14,"column":122}},{"start":{"line":14,"column":127},"end":{"line":14,"column":154}},{"start":{"line":14,"column":158},"end":{"line":14,"column":208}}]},"6":{"line":14,"type":"cond-expr","locations":[{"start":{"line":14,"column":93},"end":{"line":14,"column":115}},{"start":{"line":14,"column":118},"end":{"line":14,"column":121}}]},"7":{"line":14,"type":"cond-expr","locations":[{"start":{"line":14,"column":179},"end":{"line":14,"column":201}},{"start":{"line":14,"column":204},"end":{"line":14,"column":207}}]},"8":{"line":35,"type":"if","locations":[{"start":{"line":35,"column":2},"end":{"line":35,"column":2}},{"start":{"line":35,"column":2},"end":{"line":35,"column":2}}]},"9":{"line":35,"type":"binary-expr","locations":[{"start":{"line":35,"column":6},"end":{"line":35,"column":31}},{"start":{"line":35,"column":35},"end":{"line":35,"column":59}}]},"10":{"line":38,"type":"if","locations":[{"start":{"line":38,"column":2},"end":{"line":38,"column":2}},{"start":{"line":38,"column":2},"end":{"line":38,"column":2}}]},"11":{"line":38,"type":"binary-expr","locations":[{"start":{"line":38,"column":6},"end":{"line":38,"column":28}},{"start":{"line":38,"column":33},"end":{"line":38,"column":55}},{"start":{"line":38,"column":59},"end":{"line":38,"column":82}}]},"12":{"line":43,"type":"if","locations":[{"start":{"line":43,"column":9},"end":{"line":43,"column":9}},{"start":{"line":43,"column":9},"end":{"line":43,"column":9}}]},"13":{"line":50,"type":"if","locations":[{"start":{"line":50,"column":6},"end":{"line":50,"column":6}},{"start":{"line":50,"column":6},"end":{"line":50,"column":6}}]},"14":{"line":51,"type":"if","locations":[{"start":{"line":51,"column":8},"end":{"line":51,"column":8}},{"start":{"line":51,"column":8},"end":{"line":51,"column":8}}]},"15":{"line":51,"type":"binary-expr","locations":[{"start":{"line":51,"column":12},"end":{"line":51,"column":24}},{"start":{"line":51,"column":30},"end":{"line":51,"column":53}},{"start":{"line":51,"column":57},"end":{"line":51,"column":77}},{"start":{"line":51,"column":83},"end":{"line":51,"column":109}},{"start":{"line":51,"column":113},"end":{"line":51,"column":125}}]},"16":{"line":53,"type":"if","locations":[{"start":{"line":53,"column":15},"end":{"line":53,"column":15}},{"start":{"line":53,"column":15},"end":{"line":53,"column":15}}]},"17":{"line":53,"type":"binary-expr","locations":[{"start":{"line":53,"column":19},"end":{"line":53,"column":32}},{"start":{"line":53,"column":38},"end":{"line":53,"column":61}},{"start":{"line":53,"column":65},"end":{"line":53,"column":123}},{"start":{"line":53,"column":129},"end":{"line":53,"column":155}},{"start":{"line":53,"column":159},"end":{"line":53,"column":209}}]},"18":{"line":53,"type":"cond-expr","locations":[{"start":{"line":53,"column":94},"end":{"line":53,"column":116}},{"start":{"line":53,"column":119},"end":{"line":53,"column":122}}]},"19":{"line":53,"type":"cond-expr","locations":[{"start":{"line":53,"column":180},"end":{"line":53,"column":202}},{"start":{"line":53,"column":205},"end":{"line":53,"column":208}}]},"20":{"line":57,"type":"if","locations":[{"start":{"line":57,"column":6},"end":{"line":57,"column":6}},{"start":{"line":57,"column":6},"end":{"line":57,"column":6}}]},"21":{"line":57,"type":"binary-expr","locations":[{"start":{"line":57,"column":10},"end":{"line":57,"column":23}},{"start":{"line":57,"column":28},"end":{"line":57,"column":57}},{"start":{"line":57,"column":61},"end":{"line":57,"column":89}}]},"22":{"line":58,"type":"if","locations":[{"start":{"line":58,"column":8},"end":{"line":58,"column":8}},{"start":{"line":58,"column":8},"end":{"line":58,"column":8}}]},"23":{"line":59,"type":"cond-expr","locations":[{"start":{"line":59,"column":62},"end":{"line":59,"column":73}},{"start":{"line":59,"column":76},"end":{"line":59,"column":78}}]},"24":{"line":59,"type":"binary-expr","locations":[{"start":{"line":59,"column":18},"end":{"line":59,"column":29}},{"start":{"line":59,"column":33},"end":{"line":59,"column":59}}]},"25":{"line":61,"type":"cond-expr","locations":[{"start":{"line":61,"column":62},"end":{"line":61,"column":73}},{"start":{"line":61,"column":76},"end":{"line":61,"column":78}}]},"26":{"line":61,"type":"binary-expr","locations":[{"start":{"line":61,"column":18},"end":{"line":61,"column":29}},{"start":{"line":61,"column":33},"end":{"line":61,"column":59}}]},"27":{"line":64,"type":"cond-expr","locations":[{"start":{"line":64,"column":31},"end":{"line":64,"column":53}},{"start":{"line":64,"column":56},"end":{"line":64,"column":59}}]},"28":{"line":71,"type":"if","locations":[{"start":{"line":71,"column":13},"end":{"line":71,"column":13}},{"start":{"line":71,"column":13},"end":{"line":71,"column":13}}]}}},"F:\\技术学习与研究\\github\\extend-assign\\src\\libs\\isPlainObject.js":{"path":"F:\\技术学习与研究\\github\\extend-assign\\src\\libs\\isPlainObject.js","s":{"1":1,"2":2,"3":2,"4":0,"5":2,"6":2,"7":0,"8":0,"9":2,"10":2,"11":2,"12":1},"b":{"1":[0,2],"2":[2,2,2,0,0],"3":[0,2],"4":[2,2,2],"5":[2,2]},"f":{"1":2},"fnMap":{"1":{"name":"isPlainObject","line":2,"loc":{"start":{"line":2,"column":0},"end":{"line":2,"column":28}}}},"statementMap":{"1":{"start":{"line":2,"column":0},"end":{"line":21,"column":1}},"2":{"start":{"line":3,"column":2},"end":{"line":3,"column":49}},"3":{"start":{"line":4,"column":2},"end":{"line":6,"column":3}},"4":{"start":{"line":5,"column":4},"end":{"line":5,"column":17}},"5":{"start":{"line":7,"column":2},"end":{"line":15,"column":3}},"6":{"start":{"line":8,"column":4},"end":{"line":12,"column":5}},"7":{"start":{"line":11,"column":6},"end":{"line":11,"column":19}},"8":{"start":{"line":14,"column":4},"end":{"line":14,"column":17}},"9":{"start":{"line":16,"column":2},"end":{"line":16,"column":10}},"10":{"start":{"line":17,"column":2},"end":{"line":19,"column":3}},"11":{"start":{"line":20,"column":2},"end":{"line":20,"column":52}},"12":{"start":{"line":22,"column":0},"end":{"line":22,"column":31}}},"branchMap":{"1":{"line":4,"type":"if","locations":[{"start":{"line":4,"column":2},"end":{"line":4,"column":2}},{"start":{"line":4,"column":2},"end":{"line":4,"column":2}}]},"2":{"line":4,"type":"binary-expr","locations":[{"start":{"line":4,"column":6},"end":{"line":4,"column":10}},{"start":{"line":4,"column":14},"end":{"line":4,"column":37}},{"start":{"line":4,"column":42},"end":{"line":4,"column":71}},{"start":{"line":4,"column":75},"end":{"line":4,"column":99}},{"start":{"line":4,"column":103},"end":{"line":4,"column":117}}]},"3":{"line":8,"type":"if","locations":[{"start":{"line":8,"column":4},"end":{"line":8,"column":4}},{"start":{"line":8,"column":4},"end":{"line":8,"column":4}}]},"4":{"line":8,"type":"binary-expr","locations":[{"start":{"line":8,"column":8},"end":{"line":8,"column":23}},{"start":{"line":9,"column":6},"end":{"line":9,"column":38}},{"start":{"line":10,"column":6},"end":{"line":10,"column":62}}]},"5":{"line":20,"type":"binary-expr","locations":[{"start":{"line":20,"column":9},"end":{"line":20,"column":26}},{"start":{"line":20,"column":30},"end":{"line":20,"column":51}}]}}},"F:\\技术学习与研究\\github\\extend-assign\\src\\libs\\isType.js":{"path":"F:\\技术学习与研究\\github\\extend-assign\\src\\libs\\isType.js","s":{"1":1,"2":89,"3":89,"4":1},"b":{},"f":{"1":89},"fnMap":{"1":{"name":"isType","line":1,"loc":{"start":{"line":1,"column":0},"end":{"line":1,"column":28}}}},"statementMap":{"1":{"start":{"line":1,"column":0},"end":{"line":4,"column":1}},"2":{"start":{"line":2,"column":2},"end":{"line":2,"column":82}},"3":{"start":{"line":3,"column":2},"end":{"line":3,"column":52}},"4":{"start":{"line":5,"column":0},"end":{"line":5,"column":24}}},"branchMap":{}}}