TN:
SF:F:\技术学习与研究\github\extend-assign\src\index.js
FN:3,setProtectProperty
FN:10,autoSetProtectProperty
FN:19,assign
FNF:3
FNH:3
FNDA:1,setProtectProperty
FNDA:19,autoSetProtectProperty
FNDA:14,assign
DA:1,1
DA:3,1
DA:4,1
DA:10,1
DA:11,19
DA:12,1
DA:13,0
DA:14,1
DA:15,1
DA:19,1
DA:20,14
DA:35,14
DA:36,0
DA:38,14
DA:39,11
DA:40,11
DA:41,11
DA:42,11
DA:43,3
DA:44,2
DA:45,2
DA:47,14
DA:48,14
DA:49,14
DA:50,24
DA:51,14
DA:52,2
DA:53,12
DA:54,3
DA:57,19
DA:58,6
DA:59,5
DA:61,1
DA:63,6
DA:70,6
DA:71,13
DA:72,13
DA:73,13
DA:77,14
DA:79,1
LF:40
LH:38
BRDA:11,1,0,1
BRDA:11,1,1,18
BRDA:12,2,0,0
BRDA:12,2,1,1
BRDA:12,3,0,1
BRDA:12,3,1,0
BRDA:12,3,2,0
BRDA:12,3,3,0
BRDA:12,3,4,0
BRDA:14,4,0,1
BRDA:14,4,1,0
BRDA:14,5,0,1
BRDA:14,5,1,1
BRDA:14,5,2,1
BRDA:14,5,3,0
BRDA:14,5,4,0
BRDA:14,6,0,0
BRDA:14,6,1,1
BRDA:14,7,0,0
BRDA:14,7,1,0
BRDA:35,8,0,0
BRDA:35,8,1,14
BRDA:35,9,0,14
BRDA:35,9,1,1
BRDA:38,10,0,11
BRDA:38,10,1,3
BRDA:38,11,0,14
BRDA:38,11,1,12
BRDA:38,11,2,1
BRDA:43,12,0,2
BRDA:43,12,1,1
BRDA:50,13,0,14
BRDA:50,13,1,10
BRDA:51,14,0,2
BRDA:51,14,1,12
BRDA:51,15,0,14
BRDA:51,15,1,4
BRDA:51,15,2,4
BRDA:51,15,3,2
BRDA:51,15,4,0
BRDA:53,16,0,3
BRDA:53,16,1,9
BRDA:53,17,0,12
BRDA:53,17,1,10
BRDA:53,17,2,8
BRDA:53,17,3,8
BRDA:53,17,4,2
BRDA:53,18,0,2
BRDA:53,18,1,6
BRDA:53,19,0,0
BRDA:53,19,1,2
BRDA:57,20,0,6
BRDA:57,20,1,13
BRDA:57,21,0,19
BRDA:57,21,1,17
BRDA:57,21,2,12
BRDA:58,22,0,5
BRDA:58,22,1,1
BRDA:59,23,0,2
BRDA:59,23,1,3
BRDA:59,24,0,5
BRDA:59,24,1,2
BRDA:61,25,0,1
BRDA:61,25,1,0
BRDA:61,26,0,1
BRDA:61,26,1,1
BRDA:64,27,0,1
BRDA:64,27,1,5
BRDA:71,28,0,13
BRDA:71,28,1,0
BRF:70
BRH:54
end_of_record
TN:
SF:F:\技术学习与研究\github\extend-assign\src\libs\isPlainObject.js
FN:2,isPlainObject
FNF:1
FNH:1
FNDA:2,isPlainObject
DA:2,1
DA:3,2
DA:4,2
DA:5,0
DA:7,2
DA:8,2
DA:11,0
DA:14,0
DA:16,2
DA:17,2
DA:20,2
DA:22,1
LF:12
LH:9
BRDA:4,1,0,0
BRDA:4,1,1,2
BRDA:4,2,0,2
BRDA:4,2,1,2
BRDA:4,2,2,2
BRDA:4,2,3,0
BRDA:4,2,4,0
BRDA:8,3,0,0
BRDA:8,3,1,2
BRDA:8,4,0,2
BRDA:8,4,1,2
BRDA:8,4,2,2
BRDA:20,5,0,2
BRDA:20,5,1,2
BRF:14
BRH:10
end_of_record
TN:
SF:F:\技术学习与研究\github\extend-assign\src\libs\isType.js
FN:1,isType
FNF:1
FNH:1
FNDA:89,isType
DA:1,1
DA:2,89
DA:3,89
DA:5,1
LF:4
LH:4
BRF:0
BRH:0
end_of_record
